The system is: Linux - 3.10.0-1127.8.2.el7.x86_64 - x86_64
Compiling the C compiler identification source file "CMakeCCompilerId.c" succeeded.
Compiler: /cvmfs/sft.cern.ch/lcg/releases/gcc/8.3.0-cebb0/x86_64-slc6/bin/gcc 
Build flags: 
Id flags:  

The output was:
0


Compilation of the C compiler identification source "CMakeCCompilerId.c" produced "a.out"

The C compiler identification is GNU, found in "/cefs/higgs/yudan/softwares/CEPCSW_Dev/CEPCSW/Reconstruction/PFA/Arbor/build/CMakeFiles/3.14.3/CompilerIdC/a.out"

Compiling the CXX compiler identification source file "CMakeCXXCompilerId.cpp" succeeded.
Compiler: /cvmfs/sft.cern.ch/lcg/releases/gcc/8.3.0-cebb0/x86_64-slc6/bin/g++ 
Build flags: 
Id flags:  

The output was:
0


Compilation of the CXX compiler identification source "CMakeCXXCompilerId.cpp" produced "a.out"

The CXX compiler identification is GNU, found in "/cefs/higgs/yudan/softwares/CEPCSW_Dev/CEPCSW/Reconstruction/PFA/Arbor/build/CMakeFiles/3.14.3/CompilerIdCXX/a.out"

Determining if the C compiler works passed with the following output:
Change Dir: /cefs/higgs/yudan/softwares/CEPCSW_Dev/CEPCSW/Reconstruction/PFA/Arbor/build/CMakeFiles/CMakeTmp

Run Build Command(s):/usr/bin/gmake cmTC_faa15/fast 
/usr/bin/gmake -f CMakeFiles/cmTC_faa15.dir/build.make CMakeFiles/cmTC_faa15.dir/build
gmake[1]: 进入目录“/cefs/higgs/yudan/softwares/CEPCSW_Dev/CEPCSW/Reconstruction/PFA/Arbor/build/CMakeFiles/CMakeTmp”
Building C object CMakeFiles/cmTC_faa15.dir/testCCompiler.c.o
/cvmfs/sft.cern.ch/lcg/releases/gcc/8.3.0-cebb0/x86_64-slc6/bin/gcc    -o CMakeFiles/cmTC_faa15.dir/testCCompiler.c.o   -c /cefs/higgs/yudan/softwares/CEPCSW_Dev/CEPCSW/Reconstruction/PFA/Arbor/build/CMakeFiles/CMakeTmp/testCCompiler.c
Linking C executable cmTC_faa15
/cvmfs/sft.cern.ch/lcg/releases/CMake/3.14.3-34449/x86_64-slc6-gcc8-opt/bin/cmake -E cmake_link_script CMakeFiles/cmTC_faa15.dir/link.txt --verbose=1
/cvmfs/sft.cern.ch/lcg/releases/gcc/8.3.0-cebb0/x86_64-slc6/bin/gcc      -rdynamic CMakeFiles/cmTC_faa15.dir/testCCompiler.c.o  -o cmTC_faa15 
gmake[1]: 离开目录“/cefs/higgs/yudan/softwares/CEPCSW_Dev/CEPCSW/Reconstruction/PFA/Arbor/build/CMakeFiles/CMakeTmp”


Detecting C compiler ABI info compiled with the following output:
Change Dir: /cefs/higgs/yudan/softwares/CEPCSW_Dev/CEPCSW/Reconstruction/PFA/Arbor/build/CMakeFiles/CMakeTmp

Run Build Command(s):/usr/bin/gmake cmTC_2d099/fast 
/usr/bin/gmake -f CMakeFiles/cmTC_2d099.dir/build.make CMakeFiles/cmTC_2d099.dir/build
gmake[1]: Entering directory `/cefs/higgs/yudan/softwares/CEPCSW_Dev/CEPCSW/Reconstruction/PFA/Arbor/build/CMakeFiles/CMakeTmp'
Building C object CMakeFiles/cmTC_2d099.dir/CMakeCCompilerABI.c.o
/cvmfs/sft.cern.ch/lcg/releases/gcc/8.3.0-cebb0/x86_64-slc6/bin/gcc   -v -o CMakeFiles/cmTC_2d099.dir/CMakeCCompilerABI.c.o   -c /cvmfs/sft.cern.ch/lcg/releases/CMake/3.14.3-34449/x86_64-slc6-gcc8-opt/share/cmake-3.14/Modules/CMakeCCompilerABI.c
Using built-in specs.
COLLECT_GCC=/cvmfs/sft.cern.ch/lcg/releases/gcc/8.3.0-cebb0/x86_64-slc6/bin/gcc
Target: x86_64-pc-linux-gnu
Configured with: /build/gcc/build/contrib/gcc-8.3.0/src/gcc/8.3.0/configure --prefix=/build/gcc/lcgcmake-install/gcc/8.3.0/x86_64-slc6 -with-system-zlib --disable-multilib --enable-languages=all --with-gnu-ld --with-ld=/build/gcc/lcgcmake-install/binutils/2.30/x86_64-slc6/bin/ld --with-gnu-as --with-as=/build/gcc/lcgcmake-install/binutils/2.30/x86_64-slc6/bin/as
Thread model: posix
gcc version 8.3.0 (GCC) 
COLLECT_GCC_OPTIONS='-v' '-o' 'CMakeFiles/cmTC_2d099.dir/CMakeCCompilerABI.c.o' '-c' '-mtune=generic' '-march=x86-64'
 /cvmfs/sft.cern.ch/lcg/releases/gcc/8.3.0-cebb0/x86_64-slc6/bin/../libexec/gcc/x86_64-pc-linux-gnu/8.3.0/cc1 -quiet -v -iprefix /cvmfs/sft.cern.ch/lcg/releases/gcc/8.3.0-cebb0/x86_64-slc6/bin/../lib/gcc/x86_64-pc-linux-gnu/8.3.0/ -isystem /cvmfs/sft.cern.ch/lcg/releases/gcc/8.3.0-cebb0/x86_64-slc6/include /cvmfs/sft.cern.ch/lcg/releases/CMake/3.14.3-34449/x86_64-slc6-gcc8-opt/share/cmake-3.14/Modules/CMakeCCompilerABI.c -quiet -dumpbase CMakeCCompilerABI.c -mtune=generic -march=x86-64 -auxbase-strip CMakeFiles/cmTC_2d099.dir/CMakeCCompilerABI.c.o -version -o /tmp/cc1dXcvP.s
GNU C17 (GCC) version 8.3.0 (x86_64-pc-linux-gnu)
	compiled by GNU C version 8.3.0, GMP version 6.1.0, MPFR version 3.1.4, MPC version 1.0.3, isl version isl-0.18-GMP

GGC heuristics: --param ggc-min-expand=100 --param ggc-min-heapsize=131072
ignoring nonexistent directory "/cvmfs/sft.cern.ch/lcg/releases/gcc/8.3.0-cebb0/x86_64-slc6/bin/../lib/gcc/x86_64-pc-linux-gnu/8.3.0/../../../../x86_64-pc-linux-gnu/include"
ignoring duplicate directory "/cvmfs/sft.cern.ch/lcg/releases/gcc/8.3.0-cebb0/x86_64-slc6/bin/../lib/gcc/../../lib/gcc/x86_64-pc-linux-gnu/8.3.0/include"
ignoring duplicate directory "/cvmfs/sft.cern.ch/lcg/releases/gcc/8.3.0-cebb0/x86_64-slc6/bin/../lib/gcc/../../include"
ignoring duplicate directory "/cvmfs/sft.cern.ch/lcg/releases/gcc/8.3.0-cebb0/x86_64-slc6/bin/../lib/gcc/../../lib/gcc/x86_64-pc-linux-gnu/8.3.0/include-fixed"
ignoring nonexistent directory "/cvmfs/sft.cern.ch/lcg/releases/gcc/8.3.0-cebb0/x86_64-slc6/bin/../lib/gcc/../../lib/gcc/x86_64-pc-linux-gnu/8.3.0/../../../../x86_64-pc-linux-gnu/include"
ignoring nonexistent directory "/cvmfs/cepcsw.ihep.ac.cn/prototype/releases/externals/97.0.2/plcio/include"
ignoring nonexistent directory "/cvmfs/cepcsw.ihep.ac.cn/prototype/releases/externals/97.0.2/plcio/include/plcio"
#include "..." search starts here:
#include <...> search starts here:
 /cvmfs/cepcsw.ihep.ac.cn/prototype/releases/externals/97.0.2/k4LCIOReader/include
 /cvmfs/cepcsw.ihep.ac.cn/prototype/releases/externals/97.0.2/k4FWCore/include
 /cvmfs/cepcsw.ihep.ac.cn/prototype/releases/externals/97.0.2/Gaudi/include
 /cvmfs/cepcsw.ihep.ac.cn/prototype/releases/externals/97.0.2/Pandora/PandoraMonitoring/include
 /cvmfs/cepcsw.ihep.ac.cn/prototype/releases/externals/97.0.2/Pandora/LCContent/include
 /cvmfs/cepcsw.ihep.ac.cn/prototype/releases/externals/97.0.2/Pandora/PandoraSDK/include
 /cvmfs/cepcsw.ihep.ac.cn/prototype/releases/externals/97.0.2/GEAR/include
 /cvmfs/cepcsw.ihep.ac.cn/prototype/releases/externals/97.0.2/EDM4hep/include
 /cvmfs/cepcsw.ihep.ac.cn/prototype/releases/externals/97.0.2/podio/include
 /cvmfs/cepcsw.ihep.ac.cn/prototype/releases/externals/97.0.2/LCIO/include
 .
 /cvmfs/sft.cern.ch/lcg/releases/gcc/8.3.0-cebb0/x86_64-slc6/include
 /cvmfs/sft.cern.ch/lcg/views/LCG_97/x86_64-slc6-gcc8-opt/include
 /cvmfs/sft.cern.ch/lcg/releases/gcc/8.3.0-cebb0/x86_64-slc6/bin/../lib/gcc/x86_64-pc-linux-gnu/8.3.0/include
 /cvmfs/sft.cern.ch/lcg/releases/gcc/8.3.0-cebb0/x86_64-slc6/bin/../lib/gcc/x86_64-pc-linux-gnu/8.3.0/include-fixed
 /usr/local/include
 /usr/include
End of search list.
GNU C17 (GCC) version 8.3.0 (x86_64-pc-linux-gnu)
	compiled by GNU C version 8.3.0, GMP version 6.1.0, MPFR version 3.1.4, MPC version 1.0.3, isl version isl-0.18-GMP

GGC heuristics: --param ggc-min-expand=100 --param ggc-min-heapsize=131072
Compiler executable checksum: 1079f7d21698552b2e86984e9c92ed7a
COLLECT_GCC_OPTIONS='-v' '-o' 'CMakeFiles/cmTC_2d099.dir/CMakeCCompilerABI.c.o' '-c' '-mtune=generic' '-march=x86-64'
 as -v --64 -o CMakeFiles/cmTC_2d099.dir/CMakeCCompilerABI.c.o /tmp/cc1dXcvP.s
GNU assembler version 2.30 (x86_64-pc-linux-gnu) using BFD version (GNU Binutils) 2.30
COMPILER_PATH=/cvmfs/sft.cern.ch/lcg/releases/gcc/8.3.0-cebb0/x86_64-slc6/bin/../libexec/gcc/x86_64-pc-linux-gnu/8.3.0/:/cvmfs/sft.cern.ch/lcg/releases/gcc/8.3.0-cebb0/x86_64-slc6/bin/../libexec/gcc/:/cvmfs/sft.cern.ch/lcg/releases/gcc/8.3.0-cebb0/x86_64-slc6/
LIBRARY_PATH=/cvmfs/sft.cern.ch/lcg/releases/gcc/8.3.0-cebb0/x86_64-slc6/bin/../lib/gcc/x86_64-pc-linux-gnu/8.3.0/:/cvmfs/sft.cern.ch/lcg/releases/gcc/8.3.0-cebb0/x86_64-slc6/bin/../lib/gcc/:/cvmfs/sft.cern.ch/lcg/releases/gcc/8.3.0-cebb0/x86_64-slc6/bin/../lib/gcc/x86_64-pc-linux-gnu/8.3.0/../../../../lib64/:/lib/../lib64/:/usr/lib/../lib64/:/cvmfs/sft.cern.ch/lcg/releases/gcc/8.3.0-cebb0/x86_64-slc6/bin/../lib/gcc/x86_64-pc-linux-gnu/8.3.0/../../../:/lib/:/usr/lib/
COLLECT_GCC_OPTIONS='-v' '-o' 'CMakeFiles/cmTC_2d099.dir/CMakeCCompilerABI.c.o' '-c' '-mtune=generic' '-march=x86-64'
Linking C executable cmTC_2d099
/cvmfs/sft.cern.ch/lcg/releases/CMake/3.14.3-34449/x86_64-slc6-gcc8-opt/bin/cmake -E cmake_link_script CMakeFiles/cmTC_2d099.dir/link.txt --verbose=1
/cvmfs/sft.cern.ch/lcg/releases/gcc/8.3.0-cebb0/x86_64-slc6/bin/gcc     -v -rdynamic CMakeFiles/cmTC_2d099.dir/CMakeCCompilerABI.c.o  -o cmTC_2d099 
Using built-in specs.
COLLECT_GCC=/cvmfs/sft.cern.ch/lcg/releases/gcc/8.3.0-cebb0/x86_64-slc6/bin/gcc
COLLECT_LTO_WRAPPER=/cvmfs/sft.cern.ch/lcg/releases/gcc/8.3.0-cebb0/x86_64-slc6/bin/../libexec/gcc/x86_64-pc-linux-gnu/8.3.0/lto-wrapper
Target: x86_64-pc-linux-gnu
Configured with: /build/gcc/build/contrib/gcc-8.3.0/src/gcc/8.3.0/configure --prefix=/build/gcc/lcgcmake-install/gcc/8.3.0/x86_64-slc6 -with-system-zlib --disable-multilib --enable-languages=all --with-gnu-ld --with-ld=/build/gcc/lcgcmake-install/binutils/2.30/x86_64-slc6/bin/ld --with-gnu-as --with-as=/build/gcc/lcgcmake-install/binutils/2.30/x86_64-slc6/bin/as
Thread model: posix
gcc version 8.3.0 (GCC) 
COMPILER_PATH=/cvmfs/sft.cern.ch/lcg/releases/gcc/8.3.0-cebb0/x86_64-slc6/bin/../libexec/gcc/x86_64-pc-linux-gnu/8.3.0/:/cvmfs/sft.cern.ch/lcg/releases/gcc/8.3.0-cebb0/x86_64-slc6/bin/../libexec/gcc/:/cvmfs/sft.cern.ch/lcg/releases/gcc/8.3.0-cebb0/x86_64-slc6/
LIBRARY_PATH=/cvmfs/sft.cern.ch/lcg/releases/gcc/8.3.0-cebb0/x86_64-slc6/bin/../lib/gcc/x86_64-pc-linux-gnu/8.3.0/:/cvmfs/sft.cern.ch/lcg/releases/gcc/8.3.0-cebb0/x86_64-slc6/bin/../lib/gcc/:/cvmfs/sft.cern.ch/lcg/releases/gcc/8.3.0-cebb0/x86_64-slc6/bin/../lib/gcc/x86_64-pc-linux-gnu/8.3.0/../../../../lib64/:/lib/../lib64/:/usr/lib/../lib64/:/cvmfs/sft.cern.ch/lcg/releases/gcc/8.3.0-cebb0/x86_64-slc6/bin/../lib/gcc/x86_64-pc-linux-gnu/8.3.0/../../../:/lib/:/usr/lib/
COLLECT_GCC_OPTIONS='-v' '-rdynamic' '-o' 'cmTC_2d099' '-mtune=generic' '-march=x86-64'
 /cvmfs/sft.cern.ch/lcg/releases/gcc/8.3.0-cebb0/x86_64-slc6/bin/../libexec/gcc/x86_64-pc-linux-gnu/8.3.0/collect2 -plugin /cvmfs/sft.cern.ch/lcg/releases/gcc/8.3.0-cebb0/x86_64-slc6/bin/../libexec/gcc/x86_64-pc-linux-gnu/8.3.0/liblto_plugin.so -plugin-opt=/cvmfs/sft.cern.ch/lcg/releases/gcc/8.3.0-cebb0/x86_64-slc6/bin/../libexec/gcc/x86_64-pc-linux-gnu/8.3.0/lto-wrapper -plugin-opt=-fresolution=/tmp/ccnYAXJ1.res -plugin-opt=-pass-through=-lgcc -plugin-opt=-pass-through=-lgcc_s -plugin-opt=-pass-through=-lc -plugin-opt=-pass-through=-lgcc -plugin-opt=-pass-through=-lgcc_s --eh-frame-hdr -m elf_x86_64 -export-dynamic -dynamic-linker /lib64/ld-linux-x86-64.so.2 -o cmTC_2d099 /lib/../lib64/crt1.o /lib/../lib64/crti.o /cvmfs/sft.cern.ch/lcg/releases/gcc/8.3.0-cebb0/x86_64-slc6/bin/../lib/gcc/x86_64-pc-linux-gnu/8.3.0/crtbegin.o -L/cvmfs/sft.cern.ch/lcg/releases/gcc/8.3.0-cebb0/x86_64-slc6/bin/../lib/gcc/x86_64-pc-linux-gnu/8.3.0 -L/cvmfs/sft.cern.ch/lcg/releases/gcc/8.3.0-cebb0/x86_64-slc6/bin/../lib/gcc -L/cvmfs/sft.cern.ch/lcg/releases/gcc/8.3.0-cebb0/x86_64-slc6/bin/../lib/gcc/x86_64-pc-linux-gnu/8.3.0/../../../../lib64 -L/lib/../lib64 -L/usr/lib/../lib64 -L/cvmfs/sft.cern.ch/lcg/releases/gcc/8.3.0-cebb0/x86_64-slc6/bin/../lib/gcc/x86_64-pc-linux-gnu/8.3.0/../../.. CMakeFiles/cmTC_2d099.dir/CMakeCCompilerABI.c.o -lgcc --as-needed -lgcc_s --no-as-needed -lc -lgcc --as-needed -lgcc_s --no-as-needed /cvmfs/sft.cern.ch/lcg/releases/gcc/8.3.0-cebb0/x86_64-slc6/bin/../lib/gcc/x86_64-pc-linux-gnu/8.3.0/crtend.o /lib/../lib64/crtn.o
COLLECT_GCC_OPTIONS='-v' '-rdynamic' '-o' 'cmTC_2d099' '-mtune=generic' '-march=x86-64'
gmake[1]: Leaving directory `/cefs/higgs/yudan/softwares/CEPCSW_Dev/CEPCSW/Reconstruction/PFA/Arbor/build/CMakeFiles/CMakeTmp'


Parsed C implicit include dir info from above output: rv=done
  found start of include info
  found start of implicit include info
    add: [/cvmfs/cepcsw.ihep.ac.cn/prototype/releases/externals/97.0.2/k4LCIOReader/include]
    add: [/cvmfs/cepcsw.ihep.ac.cn/prototype/releases/externals/97.0.2/k4FWCore/include]
    add: [/cvmfs/cepcsw.ihep.ac.cn/prototype/releases/externals/97.0.2/Gaudi/include]
    add: [/cvmfs/cepcsw.ihep.ac.cn/prototype/releases/externals/97.0.2/Pandora/PandoraMonitoring/include]
    add: [/cvmfs/cepcsw.ihep.ac.cn/prototype/releases/externals/97.0.2/Pandora/LCContent/include]
    add: [/cvmfs/cepcsw.ihep.ac.cn/prototype/releases/externals/97.0.2/Pandora/PandoraSDK/include]
    add: [/cvmfs/cepcsw.ihep.ac.cn/prototype/releases/externals/97.0.2/GEAR/include]
    add: [/cvmfs/cepcsw.ihep.ac.cn/prototype/releases/externals/97.0.2/EDM4hep/include]
    add: [/cvmfs/cepcsw.ihep.ac.cn/prototype/releases/externals/97.0.2/podio/include]
    add: [/cvmfs/cepcsw.ihep.ac.cn/prototype/releases/externals/97.0.2/LCIO/include]
    add: [.]
    add: [/cvmfs/sft.cern.ch/lcg/releases/gcc/8.3.0-cebb0/x86_64-slc6/include]
    add: [/cvmfs/sft.cern.ch/lcg/views/LCG_97/x86_64-slc6-gcc8-opt/include]
    add: [/cvmfs/sft.cern.ch/lcg/releases/gcc/8.3.0-cebb0/x86_64-slc6/bin/../lib/gcc/x86_64-pc-linux-gnu/8.3.0/include]
    add: [/cvmfs/sft.cern.ch/lcg/releases/gcc/8.3.0-cebb0/x86_64-slc6/bin/../lib/gcc/x86_64-pc-linux-gnu/8.3.0/include-fixed]
    add: [/usr/local/include]
    add: [/usr/include]
  end of search list found
  collapse include dir [/cvmfs/cepcsw.ihep.ac.cn/prototype/releases/externals/97.0.2/k4LCIOReader/include] ==> [/cvmfs/cepcsw.ihep.ac.cn/prototype/releases/externals/97.0.2/k4LCIOReader/include]
  collapse include dir [/cvmfs/cepcsw.ihep.ac.cn/prototype/releases/externals/97.0.2/k4FWCore/include] ==> [/cvmfs/cepcsw.ihep.ac.cn/prototype/releases/externals/97.0.2/k4FWCore/include]
  collapse include dir [/cvmfs/cepcsw.ihep.ac.cn/prototype/releases/externals/97.0.2/Gaudi/include] ==> [/cvmfs/cepcsw.ihep.ac.cn/prototype/releases/externals/97.0.2/Gaudi/include]
  collapse include dir [/cvmfs/cepcsw.ihep.ac.cn/prototype/releases/externals/97.0.2/Pandora/PandoraMonitoring/include] ==> [/cvmfs/cepcsw.ihep.ac.cn/prototype/releases/externals/97.0.2/Pandora/PandoraMonitoring/include]
  collapse include dir [/cvmfs/cepcsw.ihep.ac.cn/prototype/releases/externals/97.0.2/Pandora/LCContent/include] ==> [/cvmfs/cepcsw.ihep.ac.cn/prototype/releases/externals/97.0.2/Pandora/LCContent/include]
  collapse include dir [/cvmfs/cepcsw.ihep.ac.cn/prototype/releases/externals/97.0.2/Pandora/PandoraSDK/include] ==> [/cvmfs/cepcsw.ihep.ac.cn/prototype/releases/externals/97.0.2/Pandora/PandoraSDK/include]
  collapse include dir [/cvmfs/cepcsw.ihep.ac.cn/prototype/releases/externals/97.0.2/GEAR/include] ==> [/cvmfs/cepcsw.ihep.ac.cn/prototype/releases/externals/97.0.2/GEAR/include]
  collapse include dir [/cvmfs/cepcsw.ihep.ac.cn/prototype/releases/externals/97.0.2/EDM4hep/include] ==> [/cvmfs/cepcsw.ihep.ac.cn/prototype/releases/externals/97.0.2/EDM4hep/include]
  collapse include dir [/cvmfs/cepcsw.ihep.ac.cn/prototype/releases/externals/97.0.2/podio/include] ==> [/cvmfs/cepcsw.ihep.ac.cn/prototype/releases/externals/97.0.2/podio/include]
  collapse include dir [/cvmfs/cepcsw.ihep.ac.cn/prototype/releases/externals/97.0.2/LCIO/include] ==> [/cvmfs/cepcsw.ihep.ac.cn/prototype/releases/externals/97.0.2/LCIO/include]
  skipping relative include dir [.]
  collapse include dir [/cvmfs/sft.cern.ch/lcg/releases/gcc/8.3.0-cebb0/x86_64-slc6/include] ==> [/cvmfs/sft.cern.ch/lcg/releases/gcc/8.3.0-cebb0/x86_64-slc6/include]
  collapse include dir [/cvmfs/sft.cern.ch/lcg/views/LCG_97/x86_64-slc6-gcc8-opt/include] ==> [/cvmfs/sft.cern.ch/lcg/views/LCG_97/x86_64-slc6-gcc8-opt/include]
  collapse include dir [/cvmfs/sft.cern.ch/lcg/releases/gcc/8.3.0-cebb0/x86_64-slc6/bin/../lib/gcc/x86_64-pc-linux-gnu/8.3.0/include] ==> [/cvmfs/sft.cern.ch/lcg/releases/gcc/8.3.0-cebb0/x86_64-slc6/lib/gcc/x86_64-pc-linux-gnu/8.3.0/include]
  collapse include dir [/cvmfs/sft.cern.ch/lcg/releases/gcc/8.3.0-cebb0/x86_64-slc6/bin/../lib/gcc/x86_64-pc-linux-gnu/8.3.0/include-fixed] ==> [/cvmfs/sft.cern.ch/lcg/releases/gcc/8.3.0-cebb0/x86_64-slc6/lib/gcc/x86_64-pc-linux-gnu/8.3.0/include-fixed]
  collapse include dir [/usr/local/include] ==> [/usr/local/include]
  collapse include dir [/usr/include] ==> [/usr/include]
  implicit include dirs: [/cvmfs/cepcsw.ihep.ac.cn/prototype/releases/externals/97.0.2/k4LCIOReader/include;/cvmfs/cepcsw.ihep.ac.cn/prototype/releases/externals/97.0.2/k4FWCore/include;/cvmfs/cepcsw.ihep.ac.cn/prototype/releases/externals/97.0.2/Gaudi/include;/cvmfs/cepcsw.ihep.ac.cn/prototype/releases/externals/97.0.2/Pandora/PandoraMonitoring/include;/cvmfs/cepcsw.ihep.ac.cn/prototype/releases/externals/97.0.2/Pandora/LCContent/include;/cvmfs/cepcsw.ihep.ac.cn/prototype/releases/externals/97.0.2/Pandora/PandoraSDK/include;/cvmfs/cepcsw.ihep.ac.cn/prototype/releases/externals/97.0.2/GEAR/include;/cvmfs/cepcsw.ihep.ac.cn/prototype/releases/externals/97.0.2/EDM4hep/include;/cvmfs/cepcsw.ihep.ac.cn/prototype/releases/externals/97.0.2/podio/include;/cvmfs/cepcsw.ihep.ac.cn/prototype/releases/externals/97.0.2/LCIO/include;/cvmfs/sft.cern.ch/lcg/releases/gcc/8.3.0-cebb0/x86_64-slc6/include;/cvmfs/sft.cern.ch/lcg/views/LCG_97/x86_64-slc6-gcc8-opt/include;/cvmfs/sft.cern.ch/lcg/releases/gcc/8.3.0-cebb0/x86_64-slc6/lib/gcc/x86_64-pc-linux-gnu/8.3.0/include;/cvmfs/sft.cern.ch/lcg/releases/gcc/8.3.0-cebb0/x86_64-slc6/lib/gcc/x86_64-pc-linux-gnu/8.3.0/include-fixed;/usr/local/include;/usr/include]


Parsed C implicit link information from above output:
  link line regex: [^( *|.*[/\])(ld|CMAKE_LINK_STARTFILE-NOTFOUND|([^/\]+-)?ld|collect2)[^/\]*( |$)]
  ignore line: [Change Dir: /cefs/higgs/yudan/softwares/CEPCSW_Dev/CEPCSW/Reconstruction/PFA/Arbor/build/CMakeFiles/CMakeTmp]
  ignore line: []
  ignore line: [Run Build Command(s):/usr/bin/gmake cmTC_2d099/fast ]
  ignore line: [/usr/bin/gmake -f CMakeFiles/cmTC_2d099.dir/build.make CMakeFiles/cmTC_2d099.dir/build]
  ignore line: [gmake[1]: Entering directory `/cefs/higgs/yudan/softwares/CEPCSW_Dev/CEPCSW/Reconstruction/PFA/Arbor/build/CMakeFiles/CMakeTmp']
  ignore line: [Building C object CMakeFiles/cmTC_2d099.dir/CMakeCCompilerABI.c.o]
  ignore line: [/cvmfs/sft.cern.ch/lcg/releases/gcc/8.3.0-cebb0/x86_64-slc6/bin/gcc   -v -o CMakeFiles/cmTC_2d099.dir/CMakeCCompilerABI.c.o   -c /cvmfs/sft.cern.ch/lcg/releases/CMake/3.14.3-34449/x86_64-slc6-gcc8-opt/share/cmake-3.14/Modules/CMakeCCompilerABI.c]
  ignore line: [Using built-in specs.]
  ignore line: [COLLECT_GCC=/cvmfs/sft.cern.ch/lcg/releases/gcc/8.3.0-cebb0/x86_64-slc6/bin/gcc]
  ignore line: [Target: x86_64-pc-linux-gnu]
  ignore line: [Configured with: /build/gcc/build/contrib/gcc-8.3.0/src/gcc/8.3.0/configure --prefix=/build/gcc/lcgcmake-install/gcc/8.3.0/x86_64-slc6 -with-system-zlib --disable-multilib --enable-languages=all --with-gnu-ld --with-ld=/build/gcc/lcgcmake-install/binutils/2.30/x86_64-slc6/bin/ld --with-gnu-as --with-as=/build/gcc/lcgcmake-install/binutils/2.30/x86_64-slc6/bin/as]
  ignore line: [Thread model: posix]
  ignore line: [gcc version 8.3.0 (GCC) ]
  ignore line: [COLLECT_GCC_OPTIONS='-v' '-o' 'CMakeFiles/cmTC_2d099.dir/CMakeCCompilerABI.c.o' '-c' '-mtune=generic' '-march=x86-64']
  ignore line: [ /cvmfs/sft.cern.ch/lcg/releases/gcc/8.3.0-cebb0/x86_64-slc6/bin/../libexec/gcc/x86_64-pc-linux-gnu/8.3.0/cc1 -quiet -v -iprefix /cvmfs/sft.cern.ch/lcg/releases/gcc/8.3.0-cebb0/x86_64-slc6/bin/../lib/gcc/x86_64-pc-linux-gnu/8.3.0/ -isystem /cvmfs/sft.cern.ch/lcg/releases/gcc/8.3.0-cebb0/x86_64-slc6/include /cvmfs/sft.cern.ch/lcg/releases/CMake/3.14.3-34449/x86_64-slc6-gcc8-opt/share/cmake-3.14/Modules/CMakeCCompilerABI.c -quiet -dumpbase CMakeCCompilerABI.c -mtune=generic -march=x86-64 -auxbase-strip CMakeFiles/cmTC_2d099.dir/CMakeCCompilerABI.c.o -version -o /tmp/cc1dXcvP.s]
  ignore line: [GNU C17 (GCC) version 8.3.0 (x86_64-pc-linux-gnu)]
  ignore line: [	compiled by GNU C version 8.3.0, GMP version 6.1.0, MPFR version 3.1.4, MPC version 1.0.3, isl version isl-0.18-GMP]
  ignore line: []
  ignore line: [GGC heuristics: --param ggc-min-expand=100 --param ggc-min-heapsize=131072]
  ignore line: [ignoring nonexistent directory "/cvmfs/sft.cern.ch/lcg/releases/gcc/8.3.0-cebb0/x86_64-slc6/bin/../lib/gcc/x86_64-pc-linux-gnu/8.3.0/../../../../x86_64-pc-linux-gnu/include"]
  ignore line: [ignoring duplicate directory "/cvmfs/sft.cern.ch/lcg/releases/gcc/8.3.0-cebb0/x86_64-slc6/bin/../lib/gcc/../../lib/gcc/x86_64-pc-linux-gnu/8.3.0/include"]
  ignore line: [ignoring duplicate directory "/cvmfs/sft.cern.ch/lcg/releases/gcc/8.3.0-cebb0/x86_64-slc6/bin/../lib/gcc/../../include"]
  ignore line: [ignoring duplicate directory "/cvmfs/sft.cern.ch/lcg/releases/gcc/8.3.0-cebb0/x86_64-slc6/bin/../lib/gcc/../../lib/gcc/x86_64-pc-linux-gnu/8.3.0/include-fixed"]
  ignore line: [ignoring nonexistent directory "/cvmfs/sft.cern.ch/lcg/releases/gcc/8.3.0-cebb0/x86_64-slc6/bin/../lib/gcc/../../lib/gcc/x86_64-pc-linux-gnu/8.3.0/../../../../x86_64-pc-linux-gnu/include"]
  ignore line: [ignoring nonexistent directory "/cvmfs/cepcsw.ihep.ac.cn/prototype/releases/externals/97.0.2/plcio/include"]
  ignore line: [ignoring nonexistent directory "/cvmfs/cepcsw.ihep.ac.cn/prototype/releases/externals/97.0.2/plcio/include/plcio"]
  ignore line: [#include "..." search starts here:]
  ignore line: [#include <...> search starts here:]
  ignore line: [ /cvmfs/cepcsw.ihep.ac.cn/prototype/releases/externals/97.0.2/k4LCIOReader/include]
  ignore line: [ /cvmfs/cepcsw.ihep.ac.cn/prototype/releases/externals/97.0.2/k4FWCore/include]
  ignore line: [ /cvmfs/cepcsw.ihep.ac.cn/prototype/releases/externals/97.0.2/Gaudi/include]
  ignore line: [ /cvmfs/cepcsw.ihep.ac.cn/prototype/releases/externals/97.0.2/Pandora/PandoraMonitoring/include]
  ignore line: [ /cvmfs/cepcsw.ihep.ac.cn/prototype/releases/externals/97.0.2/Pandora/LCContent/include]
  ignore line: [ /cvmfs/cepcsw.ihep.ac.cn/prototype/releases/externals/97.0.2/Pandora/PandoraSDK/include]
  ignore line: [ /cvmfs/cepcsw.ihep.ac.cn/prototype/releases/externals/97.0.2/GEAR/include]
  ignore line: [ /cvmfs/cepcsw.ihep.ac.cn/prototype/releases/externals/97.0.2/EDM4hep/include]
  ignore line: [ /cvmfs/cepcsw.ihep.ac.cn/prototype/releases/externals/97.0.2/podio/include]
  ignore line: [ /cvmfs/cepcsw.ihep.ac.cn/prototype/releases/externals/97.0.2/LCIO/include]
  ignore line: [ .]
  ignore line: [ /cvmfs/sft.cern.ch/lcg/releases/gcc/8.3.0-cebb0/x86_64-slc6/include]
  ignore line: [ /cvmfs/sft.cern.ch/lcg/views/LCG_97/x86_64-slc6-gcc8-opt/include]
  ignore line: [ /cvmfs/sft.cern.ch/lcg/releases/gcc/8.3.0-cebb0/x86_64-slc6/bin/../lib/gcc/x86_64-pc-linux-gnu/8.3.0/include]
  ignore line: [ /cvmfs/sft.cern.ch/lcg/releases/gcc/8.3.0-cebb0/x86_64-slc6/bin/../lib/gcc/x86_64-pc-linux-gnu/8.3.0/include-fixed]
  ignore line: [ /usr/local/include]
  ignore line: [ /usr/include]
  ignore line: [End of search list.]
  ignore line: [GNU C17 (GCC) version 8.3.0 (x86_64-pc-linux-gnu)]
  ignore line: [	compiled by GNU C version 8.3.0, GMP version 6.1.0, MPFR version 3.1.4, MPC version 1.0.3, isl version isl-0.18-GMP]
  ignore line: []
  ignore line: [GGC heuristics: --param ggc-min-expand=100 --param ggc-min-heapsize=131072]
  ignore line: [Compiler executable checksum: 1079f7d21698552b2e86984e9c92ed7a]
  ignore line: [COLLECT_GCC_OPTIONS='-v' '-o' 'CMakeFiles/cmTC_2d099.dir/CMakeCCompilerABI.c.o' '-c' '-mtune=generic' '-march=x86-64']
  ignore line: [ as -v --64 -o CMakeFiles/cmTC_2d099.dir/CMakeCCompilerABI.c.o /tmp/cc1dXcvP.s]
  ignore line: [GNU assembler version 2.30 (x86_64-pc-linux-gnu) using BFD version (GNU Binutils) 2.30]
  ignore line: [COMPILER_PATH=/cvmfs/sft.cern.ch/lcg/releases/gcc/8.3.0-cebb0/x86_64-slc6/bin/../libexec/gcc/x86_64-pc-linux-gnu/8.3.0/:/cvmfs/sft.cern.ch/lcg/releases/gcc/8.3.0-cebb0/x86_64-slc6/bin/../libexec/gcc/:/cvmfs/sft.cern.ch/lcg/releases/gcc/8.3.0-cebb0/x86_64-slc6/]
  ignore line: [LIBRARY_PATH=/cvmfs/sft.cern.ch/lcg/releases/gcc/8.3.0-cebb0/x86_64-slc6/bin/../lib/gcc/x86_64-pc-linux-gnu/8.3.0/:/cvmfs/sft.cern.ch/lcg/releases/gcc/8.3.0-cebb0/x86_64-slc6/bin/../lib/gcc/:/cvmfs/sft.cern.ch/lcg/releases/gcc/8.3.0-cebb0/x86_64-slc6/bin/../lib/gcc/x86_64-pc-linux-gnu/8.3.0/../../../../lib64/:/lib/../lib64/:/usr/lib/../lib64/:/cvmfs/sft.cern.ch/lcg/releases/gcc/8.3.0-cebb0/x86_64-slc6/bin/../lib/gcc/x86_64-pc-linux-gnu/8.3.0/../../../:/lib/:/usr/lib/]
  ignore line: [COLLECT_GCC_OPTIONS='-v' '-o' 'CMakeFiles/cmTC_2d099.dir/CMakeCCompilerABI.c.o' '-c' '-mtune=generic' '-march=x86-64']
  ignore line: [Linking C executable cmTC_2d099]
  ignore line: [/cvmfs/sft.cern.ch/lcg/releases/CMake/3.14.3-34449/x86_64-slc6-gcc8-opt/bin/cmake -E cmake_link_script CMakeFiles/cmTC_2d099.dir/link.txt --verbose=1]
  ignore line: [/cvmfs/sft.cern.ch/lcg/releases/gcc/8.3.0-cebb0/x86_64-slc6/bin/gcc     -v -rdynamic CMakeFiles/cmTC_2d099.dir/CMakeCCompilerABI.c.o  -o cmTC_2d099 ]
  ignore line: [Using built-in specs.]
  ignore line: [COLLECT_GCC=/cvmfs/sft.cern.ch/lcg/releases/gcc/8.3.0-cebb0/x86_64-slc6/bin/gcc]
  ignore line: [COLLECT_LTO_WRAPPER=/cvmfs/sft.cern.ch/lcg/releases/gcc/8.3.0-cebb0/x86_64-slc6/bin/../libexec/gcc/x86_64-pc-linux-gnu/8.3.0/lto-wrapper]
  ignore line: [Target: x86_64-pc-linux-gnu]
  ignore line: [Configured with: /build/gcc/build/contrib/gcc-8.3.0/src/gcc/8.3.0/configure --prefix=/build/gcc/lcgcmake-install/gcc/8.3.0/x86_64-slc6 -with-system-zlib --disable-multilib --enable-languages=all --with-gnu-ld --with-ld=/build/gcc/lcgcmake-install/binutils/2.30/x86_64-slc6/bin/ld --with-gnu-as --with-as=/build/gcc/lcgcmake-install/binutils/2.30/x86_64-slc6/bin/as]
  ignore line: [Thread model: posix]
  ignore line: [gcc version 8.3.0 (GCC) ]
  ignore line: [COMPILER_PATH=/cvmfs/sft.cern.ch/lcg/releases/gcc/8.3.0-cebb0/x86_64-slc6/bin/../libexec/gcc/x86_64-pc-linux-gnu/8.3.0/:/cvmfs/sft.cern.ch/lcg/releases/gcc/8.3.0-cebb0/x86_64-slc6/bin/../libexec/gcc/:/cvmfs/sft.cern.ch/lcg/releases/gcc/8.3.0-cebb0/x86_64-slc6/]
  ignore line: [LIBRARY_PATH=/cvmfs/sft.cern.ch/lcg/releases/gcc/8.3.0-cebb0/x86_64-slc6/bin/../lib/gcc/x86_64-pc-linux-gnu/8.3.0/:/cvmfs/sft.cern.ch/lcg/releases/gcc/8.3.0-cebb0/x86_64-slc6/bin/../lib/gcc/:/cvmfs/sft.cern.ch/lcg/releases/gcc/8.3.0-cebb0/x86_64-slc6/bin/../lib/gcc/x86_64-pc-linux-gnu/8.3.0/../../../../lib64/:/lib/../lib64/:/usr/lib/../lib64/:/cvmfs/sft.cern.ch/lcg/releases/gcc/8.3.0-cebb0/x86_64-slc6/bin/../lib/gcc/x86_64-pc-linux-gnu/8.3.0/../../../:/lib/:/usr/lib/]
  ignore line: [COLLECT_GCC_OPTIONS='-v' '-rdynamic' '-o' 'cmTC_2d099' '-mtune=generic' '-march=x86-64']
  link line: [ /cvmfs/sft.cern.ch/lcg/releases/gcc/8.3.0-cebb0/x86_64-slc6/bin/../libexec/gcc/x86_64-pc-linux-gnu/8.3.0/collect2 -plugin /cvmfs/sft.cern.ch/lcg/releases/gcc/8.3.0-cebb0/x86_64-slc6/bin/../libexec/gcc/x86_64-pc-linux-gnu/8.3.0/liblto_plugin.so -plugin-opt=/cvmfs/sft.cern.ch/lcg/releases/gcc/8.3.0-cebb0/x86_64-slc6/bin/../libexec/gcc/x86_64-pc-linux-gnu/8.3.0/lto-wrapper -plugin-opt=-fresolution=/tmp/ccnYAXJ1.res -plugin-opt=-pass-through=-lgcc -plugin-opt=-pass-through=-lgcc_s -plugin-opt=-pass-through=-lc -plugin-opt=-pass-through=-lgcc -plugin-opt=-pass-through=-lgcc_s --eh-frame-hdr -m elf_x86_64 -export-dynamic -dynamic-linker /lib64/ld-linux-x86-64.so.2 -o cmTC_2d099 /lib/../lib64/crt1.o /lib/../lib64/crti.o /cvmfs/sft.cern.ch/lcg/releases/gcc/8.3.0-cebb0/x86_64-slc6/bin/../lib/gcc/x86_64-pc-linux-gnu/8.3.0/crtbegin.o -L/cvmfs/sft.cern.ch/lcg/releases/gcc/8.3.0-cebb0/x86_64-slc6/bin/../lib/gcc/x86_64-pc-linux-gnu/8.3.0 -L/cvmfs/sft.cern.ch/lcg/releases/gcc/8.3.0-cebb0/x86_64-slc6/bin/../lib/gcc -L/cvmfs/sft.cern.ch/lcg/releases/gcc/8.3.0-cebb0/x86_64-slc6/bin/../lib/gcc/x86_64-pc-linux-gnu/8.3.0/../../../../lib64 -L/lib/../lib64 -L/usr/lib/../lib64 -L/cvmfs/sft.cern.ch/lcg/releases/gcc/8.3.0-cebb0/x86_64-slc6/bin/../lib/gcc/x86_64-pc-linux-gnu/8.3.0/../../.. CMakeFiles/cmTC_2d099.dir/CMakeCCompilerABI.c.o -lgcc --as-needed -lgcc_s --no-as-needed -lc -lgcc --as-needed -lgcc_s --no-as-needed /cvmfs/sft.cern.ch/lcg/releases/gcc/8.3.0-cebb0/x86_64-slc6/bin/../lib/gcc/x86_64-pc-linux-gnu/8.3.0/crtend.o /lib/../lib64/crtn.o]
    arg [/cvmfs/sft.cern.ch/lcg/releases/gcc/8.3.0-cebb0/x86_64-slc6/bin/../libexec/gcc/x86_64-pc-linux-gnu/8.3.0/collect2] ==> ignore
    arg [-plugin] ==> ignore
    arg [/cvmfs/sft.cern.ch/lcg/releases/gcc/8.3.0-cebb0/x86_64-slc6/bin/../libexec/gcc/x86_64-pc-linux-gnu/8.3.0/liblto_plugin.so] ==> ignore
    arg [-plugin-opt=/cvmfs/sft.cern.ch/lcg/releases/gcc/8.3.0-cebb0/x86_64-slc6/bin/../libexec/gcc/x86_64-pc-linux-gnu/8.3.0/lto-wrapper] ==> ignore
    arg [-plugin-opt=-fresolution=/tmp/ccnYAXJ1.res] ==> ignore
    arg [-plugin-opt=-pass-through=-lgcc] ==> ignore
    arg [-plugin-opt=-pass-through=-lgcc_s] ==> ignore
    arg [-plugin-opt=-pass-through=-lc] ==> ignore
    arg [-plugin-opt=-pass-through=-lgcc] ==> ignore
    arg [-plugin-opt=-pass-through=-lgcc_s] ==> ignore
    arg [--eh-frame-hdr] ==> ignore
    arg [-m] ==> ignore
    arg [elf_x86_64] ==> ignore
    arg [-export-dynamic] ==> ignore
    arg [-dynamic-linker] ==> ignore
    arg [/lib64/ld-linux-x86-64.so.2] ==> ignore
    arg [-o] ==> ignore
    arg [cmTC_2d099] ==> ignore
    arg [/lib/../lib64/crt1.o] ==> ignore
    arg [/lib/../lib64/crti.o] ==> ignore
    arg [/cvmfs/sft.cern.ch/lcg/releases/gcc/8.3.0-cebb0/x86_64-slc6/bin/../lib/gcc/x86_64-pc-linux-gnu/8.3.0/crtbegin.o] ==> ignore
    arg [-L/cvmfs/sft.cern.ch/lcg/releases/gcc/8.3.0-cebb0/x86_64-slc6/bin/../lib/gcc/x86_64-pc-linux-gnu/8.3.0] ==> dir [/cvmfs/sft.cern.ch/lcg/releases/gcc/8.3.0-cebb0/x86_64-slc6/bin/../lib/gcc/x86_64-pc-linux-gnu/8.3.0]
    arg [-L/cvmfs/sft.cern.ch/lcg/releases/gcc/8.3.0-cebb0/x86_64-slc6/bin/../lib/gcc] ==> dir [/cvmfs/sft.cern.ch/lcg/releases/gcc/8.3.0-cebb0/x86_64-slc6/bin/../lib/gcc]
    arg [-L/cvmfs/sft.cern.ch/lcg/releases/gcc/8.3.0-cebb0/x86_64-slc6/bin/../lib/gcc/x86_64-pc-linux-gnu/8.3.0/../../../../lib64] ==> dir [/cvmfs/sft.cern.ch/lcg/releases/gcc/8.3.0-cebb0/x86_64-slc6/bin/../lib/gcc/x86_64-pc-linux-gnu/8.3.0/../../../../lib64]
    arg [-L/lib/../lib64] ==> dir [/lib/../lib64]
    arg [-L/usr/lib/../lib64] ==> dir [/usr/lib/../lib64]
    arg [-L/cvmfs/sft.cern.ch/lcg/releases/gcc/8.3.0-cebb0/x86_64-slc6/bin/../lib/gcc/x86_64-pc-linux-gnu/8.3.0/../../..] ==> dir [/cvmfs/sft.cern.ch/lcg/releases/gcc/8.3.0-cebb0/x86_64-slc6/bin/../lib/gcc/x86_64-pc-linux-gnu/8.3.0/../../..]
    arg [CMakeFiles/cmTC_2d099.dir/CMakeCCompilerABI.c.o] ==> ignore
    arg [-lgcc] ==> lib [gcc]
    arg [--as-needed] ==> ignore
    arg [-lgcc_s] ==> lib [gcc_s]
    arg [--no-as-needed] ==> ignore
    arg [-lc] ==> lib [c]
    arg [-lgcc] ==> lib [gcc]
    arg [--as-needed] ==> ignore
    arg [-lgcc_s] ==> lib [gcc_s]
    arg [--no-as-needed] ==> ignore
    arg [/cvmfs/sft.cern.ch/lcg/releases/gcc/8.3.0-cebb0/x86_64-slc6/bin/../lib/gcc/x86_64-pc-linux-gnu/8.3.0/crtend.o] ==> ignore
    arg [/lib/../lib64/crtn.o] ==> ignore
  collapse library dir [/cvmfs/sft.cern.ch/lcg/releases/gcc/8.3.0-cebb0/x86_64-slc6/bin/../lib/gcc/x86_64-pc-linux-gnu/8.3.0] ==> [/cvmfs/sft.cern.ch/lcg/releases/gcc/8.3.0-cebb0/x86_64-slc6/lib/gcc/x86_64-pc-linux-gnu/8.3.0]
  collapse library dir [/cvmfs/sft.cern.ch/lcg/releases/gcc/8.3.0-cebb0/x86_64-slc6/bin/../lib/gcc] ==> [/cvmfs/sft.cern.ch/lcg/releases/gcc/8.3.0-cebb0/x86_64-slc6/lib/gcc]
  collapse library dir [/cvmfs/sft.cern.ch/lcg/releases/gcc/8.3.0-cebb0/x86_64-slc6/bin/../lib/gcc/x86_64-pc-linux-gnu/8.3.0/../../../../lib64] ==> [/cvmfs/sft.cern.ch/lcg/releases/gcc/8.3.0-cebb0/x86_64-slc6/lib64]
  collapse library dir [/lib/../lib64] ==> [/lib64]
  collapse library dir [/usr/lib/../lib64] ==> [/usr/lib64]
  collapse library dir [/cvmfs/sft.cern.ch/lcg/releases/gcc/8.3.0-cebb0/x86_64-slc6/bin/../lib/gcc/x86_64-pc-linux-gnu/8.3.0/../../..] ==> [/cvmfs/sft.cern.ch/lcg/releases/gcc/8.3.0-cebb0/x86_64-slc6/lib]
  implicit libs: [gcc;gcc_s;c;gcc;gcc_s]
  implicit dirs: [/cvmfs/sft.cern.ch/lcg/releases/gcc/8.3.0-cebb0/x86_64-slc6/lib/gcc/x86_64-pc-linux-gnu/8.3.0;/cvmfs/sft.cern.ch/lcg/releases/gcc/8.3.0-cebb0/x86_64-slc6/lib/gcc;/cvmfs/sft.cern.ch/lcg/releases/gcc/8.3.0-cebb0/x86_64-slc6/lib64;/lib64;/usr/lib64;/cvmfs/sft.cern.ch/lcg/releases/gcc/8.3.0-cebb0/x86_64-slc6/lib]
  implicit fwks: []




Detecting C [-std=c11] compiler features compiled with the following output:
Change Dir: /cefs/higgs/yudan/softwares/CEPCSW_Dev/CEPCSW/Reconstruction/PFA/Arbor/build/CMakeFiles/CMakeTmp

Run Build Command(s):/usr/bin/gmake cmTC_4237f/fast 
/usr/bin/gmake -f CMakeFiles/cmTC_4237f.dir/build.make CMakeFiles/cmTC_4237f.dir/build
gmake[1]: 进入目录“/cefs/higgs/yudan/softwares/CEPCSW_Dev/CEPCSW/Reconstruction/PFA/Arbor/build/CMakeFiles/CMakeTmp”
Building C object CMakeFiles/cmTC_4237f.dir/feature_tests.c.o
/cvmfs/sft.cern.ch/lcg/releases/gcc/8.3.0-cebb0/x86_64-slc6/bin/gcc   -std=c11 -o CMakeFiles/cmTC_4237f.dir/feature_tests.c.o   -c /cefs/higgs/yudan/softwares/CEPCSW_Dev/CEPCSW/Reconstruction/PFA/Arbor/build/CMakeFiles/feature_tests.c
Linking C executable cmTC_4237f
/cvmfs/sft.cern.ch/lcg/releases/CMake/3.14.3-34449/x86_64-slc6-gcc8-opt/bin/cmake -E cmake_link_script CMakeFiles/cmTC_4237f.dir/link.txt --verbose=1
/cvmfs/sft.cern.ch/lcg/releases/gcc/8.3.0-cebb0/x86_64-slc6/bin/gcc      -rdynamic CMakeFiles/cmTC_4237f.dir/feature_tests.c.o  -o cmTC_4237f 
gmake[1]: 离开目录“/cefs/higgs/yudan/softwares/CEPCSW_Dev/CEPCSW/Reconstruction/PFA/Arbor/build/CMakeFiles/CMakeTmp”


    Feature record: C_FEATURE:1c_function_prototypes
    Feature record: C_FEATURE:1c_restrict
    Feature record: C_FEATURE:1c_static_assert
    Feature record: C_FEATURE:1c_variadic_macros


Detecting C [-std=c99] compiler features compiled with the following output:
Change Dir: /cefs/higgs/yudan/softwares/CEPCSW_Dev/CEPCSW/Reconstruction/PFA/Arbor/build/CMakeFiles/CMakeTmp

Run Build Command(s):/usr/bin/gmake cmTC_b906b/fast 
/usr/bin/gmake -f CMakeFiles/cmTC_b906b.dir/build.make CMakeFiles/cmTC_b906b.dir/build
gmake[1]: 进入目录“/cefs/higgs/yudan/softwares/CEPCSW_Dev/CEPCSW/Reconstruction/PFA/Arbor/build/CMakeFiles/CMakeTmp”
Building C object CMakeFiles/cmTC_b906b.dir/feature_tests.c.o
/cvmfs/sft.cern.ch/lcg/releases/gcc/8.3.0-cebb0/x86_64-slc6/bin/gcc   -std=c99 -o CMakeFiles/cmTC_b906b.dir/feature_tests.c.o   -c /cefs/higgs/yudan/softwares/CEPCSW_Dev/CEPCSW/Reconstruction/PFA/Arbor/build/CMakeFiles/feature_tests.c
Linking C executable cmTC_b906b
/cvmfs/sft.cern.ch/lcg/releases/CMake/3.14.3-34449/x86_64-slc6-gcc8-opt/bin/cmake -E cmake_link_script CMakeFiles/cmTC_b906b.dir/link.txt --verbose=1
/cvmfs/sft.cern.ch/lcg/releases/gcc/8.3.0-cebb0/x86_64-slc6/bin/gcc      -rdynamic CMakeFiles/cmTC_b906b.dir/feature_tests.c.o  -o cmTC_b906b 
gmake[1]: 离开目录“/cefs/higgs/yudan/softwares/CEPCSW_Dev/CEPCSW/Reconstruction/PFA/Arbor/build/CMakeFiles/CMakeTmp”


    Feature record: C_FEATURE:1c_function_prototypes
    Feature record: C_FEATURE:1c_restrict
    Feature record: C_FEATURE:0c_static_assert
    Feature record: C_FEATURE:1c_variadic_macros


Detecting C [-std=c90] compiler features compiled with the following output:
Change Dir: /cefs/higgs/yudan/softwares/CEPCSW_Dev/CEPCSW/Reconstruction/PFA/Arbor/build/CMakeFiles/CMakeTmp

Run Build Command(s):/usr/bin/gmake cmTC_bd8dd/fast 
/usr/bin/gmake -f CMakeFiles/cmTC_bd8dd.dir/build.make CMakeFiles/cmTC_bd8dd.dir/build
gmake[1]: 进入目录“/cefs/higgs/yudan/softwares/CEPCSW_Dev/CEPCSW/Reconstruction/PFA/Arbor/build/CMakeFiles/CMakeTmp”
Building C object CMakeFiles/cmTC_bd8dd.dir/feature_tests.c.o
/cvmfs/sft.cern.ch/lcg/releases/gcc/8.3.0-cebb0/x86_64-slc6/bin/gcc   -std=c90 -o CMakeFiles/cmTC_bd8dd.dir/feature_tests.c.o   -c /cefs/higgs/yudan/softwares/CEPCSW_Dev/CEPCSW/Reconstruction/PFA/Arbor/build/CMakeFiles/feature_tests.c
Linking C executable cmTC_bd8dd
/cvmfs/sft.cern.ch/lcg/releases/CMake/3.14.3-34449/x86_64-slc6-gcc8-opt/bin/cmake -E cmake_link_script CMakeFiles/cmTC_bd8dd.dir/link.txt --verbose=1
/cvmfs/sft.cern.ch/lcg/releases/gcc/8.3.0-cebb0/x86_64-slc6/bin/gcc      -rdynamic CMakeFiles/cmTC_bd8dd.dir/feature_tests.c.o  -o cmTC_bd8dd 
gmake[1]: 离开目录“/cefs/higgs/yudan/softwares/CEPCSW_Dev/CEPCSW/Reconstruction/PFA/Arbor/build/CMakeFiles/CMakeTmp”


    Feature record: C_FEATURE:1c_function_prototypes
    Feature record: C_FEATURE:0c_restrict
    Feature record: C_FEATURE:0c_static_assert
    Feature record: C_FEATURE:0c_variadic_macros
Determining if the CXX compiler works passed with the following output:
Change Dir: /cefs/higgs/yudan/softwares/CEPCSW_Dev/CEPCSW/Reconstruction/PFA/Arbor/build/CMakeFiles/CMakeTmp

Run Build Command(s):/usr/bin/gmake cmTC_6b320/fast 
/usr/bin/gmake -f CMakeFiles/cmTC_6b320.dir/build.make CMakeFiles/cmTC_6b320.dir/build
gmake[1]: 进入目录“/cefs/higgs/yudan/softwares/CEPCSW_Dev/CEPCSW/Reconstruction/PFA/Arbor/build/CMakeFiles/CMakeTmp”
Building CXX object CMakeFiles/cmTC_6b320.dir/testCXXCompiler.cxx.o
/cvmfs/sft.cern.ch/lcg/releases/gcc/8.3.0-cebb0/x86_64-slc6/bin/g++     -o CMakeFiles/cmTC_6b320.dir/testCXXCompiler.cxx.o -c /cefs/higgs/yudan/softwares/CEPCSW_Dev/CEPCSW/Reconstruction/PFA/Arbor/build/CMakeFiles/CMakeTmp/testCXXCompiler.cxx
Linking CXX executable cmTC_6b320
/cvmfs/sft.cern.ch/lcg/releases/CMake/3.14.3-34449/x86_64-slc6-gcc8-opt/bin/cmake -E cmake_link_script CMakeFiles/cmTC_6b320.dir/link.txt --verbose=1
/cvmfs/sft.cern.ch/lcg/releases/gcc/8.3.0-cebb0/x86_64-slc6/bin/g++       -rdynamic CMakeFiles/cmTC_6b320.dir/testCXXCompiler.cxx.o  -o cmTC_6b320 
gmake[1]: 离开目录“/cefs/higgs/yudan/softwares/CEPCSW_Dev/CEPCSW/Reconstruction/PFA/Arbor/build/CMakeFiles/CMakeTmp”


Detecting CXX compiler ABI info compiled with the following output:
Change Dir: /cefs/higgs/yudan/softwares/CEPCSW_Dev/CEPCSW/Reconstruction/PFA/Arbor/build/CMakeFiles/CMakeTmp

Run Build Command(s):/usr/bin/gmake cmTC_e8d4e/fast 
/usr/bin/gmake -f CMakeFiles/cmTC_e8d4e.dir/build.make CMakeFiles/cmTC_e8d4e.dir/build
gmake[1]: Entering directory `/cefs/higgs/yudan/softwares/CEPCSW_Dev/CEPCSW/Reconstruction/PFA/Arbor/build/CMakeFiles/CMakeTmp'
Building CXX object CMakeFiles/cmTC_e8d4e.dir/CMakeCXXCompilerABI.cpp.o
/cvmfs/sft.cern.ch/lcg/releases/gcc/8.3.0-cebb0/x86_64-slc6/bin/g++    -v -o CMakeFiles/cmTC_e8d4e.dir/CMakeCXXCompilerABI.cpp.o -c /cvmfs/sft.cern.ch/lcg/releases/CMake/3.14.3-34449/x86_64-slc6-gcc8-opt/share/cmake-3.14/Modules/CMakeCXXCompilerABI.cpp
Using built-in specs.
COLLECT_GCC=/cvmfs/sft.cern.ch/lcg/releases/gcc/8.3.0-cebb0/x86_64-slc6/bin/g++
Target: x86_64-pc-linux-gnu
Configured with: /build/gcc/build/contrib/gcc-8.3.0/src/gcc/8.3.0/configure --prefix=/build/gcc/lcgcmake-install/gcc/8.3.0/x86_64-slc6 -with-system-zlib --disable-multilib --enable-languages=all --with-gnu-ld --with-ld=/build/gcc/lcgcmake-install/binutils/2.30/x86_64-slc6/bin/ld --with-gnu-as --with-as=/build/gcc/lcgcmake-install/binutils/2.30/x86_64-slc6/bin/as
Thread model: posix
gcc version 8.3.0 (GCC) 
COLLECT_GCC_OPTIONS='-v' '-o' 'CMakeFiles/cmTC_e8d4e.dir/CMakeCXXCompilerABI.cpp.o' '-c' '-shared-libgcc' '-mtune=generic' '-march=x86-64'
 /cvmfs/sft.cern.ch/lcg/releases/gcc/8.3.0-cebb0/x86_64-slc6/bin/../libexec/gcc/x86_64-pc-linux-gnu/8.3.0/cc1plus -quiet -v -iprefix /cvmfs/sft.cern.ch/lcg/releases/gcc/8.3.0-cebb0/x86_64-slc6/bin/../lib/gcc/x86_64-pc-linux-gnu/8.3.0/ -isystem /cvmfs/sft.cern.ch/lcg/releases/gcc/8.3.0-cebb0/x86_64-slc6/include -D_GNU_SOURCE /cvmfs/sft.cern.ch/lcg/releases/CMake/3.14.3-34449/x86_64-slc6-gcc8-opt/share/cmake-3.14/Modules/CMakeCXXCompilerABI.cpp -quiet -dumpbase CMakeCXXCompilerABI.cpp -mtune=generic -march=x86-64 -auxbase-strip CMakeFiles/cmTC_e8d4e.dir/CMakeCXXCompilerABI.cpp.o -version -o /tmp/ccu9mcsk.s
GNU C++14 (GCC) version 8.3.0 (x86_64-pc-linux-gnu)
	compiled by GNU C version 8.3.0, GMP version 6.1.0, MPFR version 3.1.4, MPC version 1.0.3, isl version isl-0.18-GMP

GGC heuristics: --param ggc-min-expand=100 --param ggc-min-heapsize=131072
ignoring nonexistent directory "/cvmfs/sft.cern.ch/lcg/releases/gcc/8.3.0-cebb0/x86_64-slc6/bin/../lib/gcc/x86_64-pc-linux-gnu/8.3.0/../../../../x86_64-pc-linux-gnu/include"
ignoring duplicate directory "/cvmfs/sft.cern.ch/lcg/releases/gcc/8.3.0-cebb0/x86_64-slc6/bin/../lib/gcc/../../lib/gcc/x86_64-pc-linux-gnu/8.3.0/../../../../include/c++/8.3.0"
ignoring duplicate directory "/cvmfs/sft.cern.ch/lcg/releases/gcc/8.3.0-cebb0/x86_64-slc6/bin/../lib/gcc/../../lib/gcc/x86_64-pc-linux-gnu/8.3.0/../../../../include/c++/8.3.0/x86_64-pc-linux-gnu"
ignoring duplicate directory "/cvmfs/sft.cern.ch/lcg/releases/gcc/8.3.0-cebb0/x86_64-slc6/bin/../lib/gcc/../../lib/gcc/x86_64-pc-linux-gnu/8.3.0/../../../../include/c++/8.3.0/backward"
ignoring duplicate directory "/cvmfs/sft.cern.ch/lcg/releases/gcc/8.3.0-cebb0/x86_64-slc6/bin/../lib/gcc/../../lib/gcc/x86_64-pc-linux-gnu/8.3.0/include"
ignoring duplicate directory "/cvmfs/sft.cern.ch/lcg/releases/gcc/8.3.0-cebb0/x86_64-slc6/bin/../lib/gcc/../../include"
ignoring duplicate directory "/cvmfs/sft.cern.ch/lcg/releases/gcc/8.3.0-cebb0/x86_64-slc6/bin/../lib/gcc/../../lib/gcc/x86_64-pc-linux-gnu/8.3.0/include-fixed"
ignoring nonexistent directory "/cvmfs/sft.cern.ch/lcg/releases/gcc/8.3.0-cebb0/x86_64-slc6/bin/../lib/gcc/../../lib/gcc/x86_64-pc-linux-gnu/8.3.0/../../../../x86_64-pc-linux-gnu/include"
ignoring nonexistent directory "/cvmfs/cepcsw.ihep.ac.cn/prototype/releases/externals/97.0.2/plcio/include"
ignoring nonexistent directory "/cvmfs/cepcsw.ihep.ac.cn/prototype/releases/externals/97.0.2/plcio/include/plcio"
#include "..." search starts here:
#include <...> search starts here:
 /cvmfs/cepcsw.ihep.ac.cn/prototype/releases/externals/97.0.2/k4LCIOReader/include
 /cvmfs/cepcsw.ihep.ac.cn/prototype/releases/externals/97.0.2/k4FWCore/include
 /cvmfs/cepcsw.ihep.ac.cn/prototype/releases/externals/97.0.2/Gaudi/include
 /cvmfs/cepcsw.ihep.ac.cn/prototype/releases/externals/97.0.2/Pandora/PandoraMonitoring/include
 /cvmfs/cepcsw.ihep.ac.cn/prototype/releases/externals/97.0.2/Pandora/LCContent/include
 /cvmfs/cepcsw.ihep.ac.cn/prototype/releases/externals/97.0.2/Pandora/PandoraSDK/include
 /cvmfs/cepcsw.ihep.ac.cn/prototype/releases/externals/97.0.2/GEAR/include
 /cvmfs/cepcsw.ihep.ac.cn/prototype/releases/externals/97.0.2/EDM4hep/include
 /cvmfs/cepcsw.ihep.ac.cn/prototype/releases/externals/97.0.2/podio/include
 /cvmfs/cepcsw.ihep.ac.cn/prototype/releases/externals/97.0.2/LCIO/include
 .
 /cvmfs/sft.cern.ch/lcg/releases/gcc/8.3.0-cebb0/x86_64-slc6/include
 /cvmfs/sft.cern.ch/lcg/views/LCG_97/x86_64-slc6-gcc8-opt/include
 /cvmfs/sft.cern.ch/lcg/releases/gcc/8.3.0-cebb0/x86_64-slc6/bin/../lib/gcc/x86_64-pc-linux-gnu/8.3.0/../../../../include/c++/8.3.0
 /cvmfs/sft.cern.ch/lcg/releases/gcc/8.3.0-cebb0/x86_64-slc6/bin/../lib/gcc/x86_64-pc-linux-gnu/8.3.0/../../../../include/c++/8.3.0/x86_64-pc-linux-gnu
 /cvmfs/sft.cern.ch/lcg/releases/gcc/8.3.0-cebb0/x86_64-slc6/bin/../lib/gcc/x86_64-pc-linux-gnu/8.3.0/../../../../include/c++/8.3.0/backward
 /cvmfs/sft.cern.ch/lcg/releases/gcc/8.3.0-cebb0/x86_64-slc6/bin/../lib/gcc/x86_64-pc-linux-gnu/8.3.0/include
 /cvmfs/sft.cern.ch/lcg/releases/gcc/8.3.0-cebb0/x86_64-slc6/bin/../lib/gcc/x86_64-pc-linux-gnu/8.3.0/include-fixed
 /usr/local/include
 /usr/include
End of search list.
GNU C++14 (GCC) version 8.3.0 (x86_64-pc-linux-gnu)
	compiled by GNU C version 8.3.0, GMP version 6.1.0, MPFR version 3.1.4, MPC version 1.0.3, isl version isl-0.18-GMP

GGC heuristics: --param ggc-min-expand=100 --param ggc-min-heapsize=131072
Compiler executable checksum: c802273566d53b80a85017de200dadc0
COLLECT_GCC_OPTIONS='-v' '-o' 'CMakeFiles/cmTC_e8d4e.dir/CMakeCXXCompilerABI.cpp.o' '-c' '-shared-libgcc' '-mtune=generic' '-march=x86-64'
 as -v --64 -o CMakeFiles/cmTC_e8d4e.dir/CMakeCXXCompilerABI.cpp.o /tmp/ccu9mcsk.s
GNU assembler version 2.30 (x86_64-pc-linux-gnu) using BFD version (GNU Binutils) 2.30
COMPILER_PATH=/cvmfs/sft.cern.ch/lcg/releases/gcc/8.3.0-cebb0/x86_64-slc6/bin/../libexec/gcc/x86_64-pc-linux-gnu/8.3.0/:/cvmfs/sft.cern.ch/lcg/releases/gcc/8.3.0-cebb0/x86_64-slc6/bin/../libexec/gcc/:/cvmfs/sft.cern.ch/lcg/releases/gcc/8.3.0-cebb0/x86_64-slc6/
LIBRARY_PATH=/cvmfs/sft.cern.ch/lcg/releases/gcc/8.3.0-cebb0/x86_64-slc6/bin/../lib/gcc/x86_64-pc-linux-gnu/8.3.0/:/cvmfs/sft.cern.ch/lcg/releases/gcc/8.3.0-cebb0/x86_64-slc6/bin/../lib/gcc/:/cvmfs/sft.cern.ch/lcg/releases/gcc/8.3.0-cebb0/x86_64-slc6/bin/../lib/gcc/x86_64-pc-linux-gnu/8.3.0/../../../../lib64/:/lib/../lib64/:/usr/lib/../lib64/:/cvmfs/sft.cern.ch/lcg/releases/gcc/8.3.0-cebb0/x86_64-slc6/bin/../lib/gcc/x86_64-pc-linux-gnu/8.3.0/../../../:/lib/:/usr/lib/
COLLECT_GCC_OPTIONS='-v' '-o' 'CMakeFiles/cmTC_e8d4e.dir/CMakeCXXCompilerABI.cpp.o' '-c' '-shared-libgcc' '-mtune=generic' '-march=x86-64'
Linking CXX executable cmTC_e8d4e
/cvmfs/sft.cern.ch/lcg/releases/CMake/3.14.3-34449/x86_64-slc6-gcc8-opt/bin/cmake -E cmake_link_script CMakeFiles/cmTC_e8d4e.dir/link.txt --verbose=1
/cvmfs/sft.cern.ch/lcg/releases/gcc/8.3.0-cebb0/x86_64-slc6/bin/g++      -v -rdynamic CMakeFiles/cmTC_e8d4e.dir/CMakeCXXCompilerABI.cpp.o  -o cmTC_e8d4e 
Using built-in specs.
COLLECT_GCC=/cvmfs/sft.cern.ch/lcg/releases/gcc/8.3.0-cebb0/x86_64-slc6/bin/g++
COLLECT_LTO_WRAPPER=/cvmfs/sft.cern.ch/lcg/releases/gcc/8.3.0-cebb0/x86_64-slc6/bin/../libexec/gcc/x86_64-pc-linux-gnu/8.3.0/lto-wrapper
Target: x86_64-pc-linux-gnu
Configured with: /build/gcc/build/contrib/gcc-8.3.0/src/gcc/8.3.0/configure --prefix=/build/gcc/lcgcmake-install/gcc/8.3.0/x86_64-slc6 -with-system-zlib --disable-multilib --enable-languages=all --with-gnu-ld --with-ld=/build/gcc/lcgcmake-install/binutils/2.30/x86_64-slc6/bin/ld --with-gnu-as --with-as=/build/gcc/lcgcmake-install/binutils/2.30/x86_64-slc6/bin/as
Thread model: posix
gcc version 8.3.0 (GCC) 
COMPILER_PATH=/cvmfs/sft.cern.ch/lcg/releases/gcc/8.3.0-cebb0/x86_64-slc6/bin/../libexec/gcc/x86_64-pc-linux-gnu/8.3.0/:/cvmfs/sft.cern.ch/lcg/releases/gcc/8.3.0-cebb0/x86_64-slc6/bin/../libexec/gcc/:/cvmfs/sft.cern.ch/lcg/releases/gcc/8.3.0-cebb0/x86_64-slc6/
LIBRARY_PATH=/cvmfs/sft.cern.ch/lcg/releases/gcc/8.3.0-cebb0/x86_64-slc6/bin/../lib/gcc/x86_64-pc-linux-gnu/8.3.0/:/cvmfs/sft.cern.ch/lcg/releases/gcc/8.3.0-cebb0/x86_64-slc6/bin/../lib/gcc/:/cvmfs/sft.cern.ch/lcg/releases/gcc/8.3.0-cebb0/x86_64-slc6/bin/../lib/gcc/x86_64-pc-linux-gnu/8.3.0/../../../../lib64/:/lib/../lib64/:/usr/lib/../lib64/:/cvmfs/sft.cern.ch/lcg/releases/gcc/8.3.0-cebb0/x86_64-slc6/bin/../lib/gcc/x86_64-pc-linux-gnu/8.3.0/../../../:/lib/:/usr/lib/
COLLECT_GCC_OPTIONS='-v' '-rdynamic' '-o' 'cmTC_e8d4e' '-shared-libgcc' '-mtune=generic' '-march=x86-64'
 /cvmfs/sft.cern.ch/lcg/releases/gcc/8.3.0-cebb0/x86_64-slc6/bin/../libexec/gcc/x86_64-pc-linux-gnu/8.3.0/collect2 -plugin /cvmfs/sft.cern.ch/lcg/releases/gcc/8.3.0-cebb0/x86_64-slc6/bin/../libexec/gcc/x86_64-pc-linux-gnu/8.3.0/liblto_plugin.so -plugin-opt=/cvmfs/sft.cern.ch/lcg/releases/gcc/8.3.0-cebb0/x86_64-slc6/bin/../libexec/gcc/x86_64-pc-linux-gnu/8.3.0/lto-wrapper -plugin-opt=-fresolution=/tmp/ccAXh6Uy.res -plugin-opt=-pass-through=-lgcc_s -plugin-opt=-pass-through=-lgcc -plugin-opt=-pass-through=-lc -plugin-opt=-pass-through=-lgcc_s -plugin-opt=-pass-through=-lgcc --eh-frame-hdr -m elf_x86_64 -export-dynamic -dynamic-linker /lib64/ld-linux-x86-64.so.2 -o cmTC_e8d4e /lib/../lib64/crt1.o /lib/../lib64/crti.o /cvmfs/sft.cern.ch/lcg/releases/gcc/8.3.0-cebb0/x86_64-slc6/bin/../lib/gcc/x86_64-pc-linux-gnu/8.3.0/crtbegin.o -L/cvmfs/sft.cern.ch/lcg/releases/gcc/8.3.0-cebb0/x86_64-slc6/bin/../lib/gcc/x86_64-pc-linux-gnu/8.3.0 -L/cvmfs/sft.cern.ch/lcg/releases/gcc/8.3.0-cebb0/x86_64-slc6/bin/../lib/gcc -L/cvmfs/sft.cern.ch/lcg/releases/gcc/8.3.0-cebb0/x86_64-slc6/bin/../lib/gcc/x86_64-pc-linux-gnu/8.3.0/../../../../lib64 -L/lib/../lib64 -L/usr/lib/../lib64 -L/cvmfs/sft.cern.ch/lcg/releases/gcc/8.3.0-cebb0/x86_64-slc6/bin/../lib/gcc/x86_64-pc-linux-gnu/8.3.0/../../.. CMakeFiles/cmTC_e8d4e.dir/CMakeCXXCompilerABI.cpp.o -lstdc++ -lm -lgcc_s -lgcc -lc -lgcc_s -lgcc /cvmfs/sft.cern.ch/lcg/releases/gcc/8.3.0-cebb0/x86_64-slc6/bin/../lib/gcc/x86_64-pc-linux-gnu/8.3.0/crtend.o /lib/../lib64/crtn.o
COLLECT_GCC_OPTIONS='-v' '-rdynamic' '-o' 'cmTC_e8d4e' '-shared-libgcc' '-mtune=generic' '-march=x86-64'
gmake[1]: Leaving directory `/cefs/higgs/yudan/softwares/CEPCSW_Dev/CEPCSW/Reconstruction/PFA/Arbor/build/CMakeFiles/CMakeTmp'


Parsed CXX implicit include dir info from above output: rv=done
  found start of include info
  found start of implicit include info
    add: [/cvmfs/cepcsw.ihep.ac.cn/prototype/releases/externals/97.0.2/k4LCIOReader/include]
    add: [/cvmfs/cepcsw.ihep.ac.cn/prototype/releases/externals/97.0.2/k4FWCore/include]
    add: [/cvmfs/cepcsw.ihep.ac.cn/prototype/releases/externals/97.0.2/Gaudi/include]
    add: [/cvmfs/cepcsw.ihep.ac.cn/prototype/releases/externals/97.0.2/Pandora/PandoraMonitoring/include]
    add: [/cvmfs/cepcsw.ihep.ac.cn/prototype/releases/externals/97.0.2/Pandora/LCContent/include]
    add: [/cvmfs/cepcsw.ihep.ac.cn/prototype/releases/externals/97.0.2/Pandora/PandoraSDK/include]
    add: [/cvmfs/cepcsw.ihep.ac.cn/prototype/releases/externals/97.0.2/GEAR/include]
    add: [/cvmfs/cepcsw.ihep.ac.cn/prototype/releases/externals/97.0.2/EDM4hep/include]
    add: [/cvmfs/cepcsw.ihep.ac.cn/prototype/releases/externals/97.0.2/podio/include]
    add: [/cvmfs/cepcsw.ihep.ac.cn/prototype/releases/externals/97.0.2/LCIO/include]
    add: [.]
    add: [/cvmfs/sft.cern.ch/lcg/releases/gcc/8.3.0-cebb0/x86_64-slc6/include]
    add: [/cvmfs/sft.cern.ch/lcg/views/LCG_97/x86_64-slc6-gcc8-opt/include]
    add: [/cvmfs/sft.cern.ch/lcg/releases/gcc/8.3.0-cebb0/x86_64-slc6/bin/../lib/gcc/x86_64-pc-linux-gnu/8.3.0/../../../../include/c++/8.3.0]
    add: [/cvmfs/sft.cern.ch/lcg/releases/gcc/8.3.0-cebb0/x86_64-slc6/bin/../lib/gcc/x86_64-pc-linux-gnu/8.3.0/../../../../include/c++/8.3.0/x86_64-pc-linux-gnu]
    add: [/cvmfs/sft.cern.ch/lcg/releases/gcc/8.3.0-cebb0/x86_64-slc6/bin/../lib/gcc/x86_64-pc-linux-gnu/8.3.0/../../../../include/c++/8.3.0/backward]
    add: [/cvmfs/sft.cern.ch/lcg/releases/gcc/8.3.0-cebb0/x86_64-slc6/bin/../lib/gcc/x86_64-pc-linux-gnu/8.3.0/include]
    add: [/cvmfs/sft.cern.ch/lcg/releases/gcc/8.3.0-cebb0/x86_64-slc6/bin/../lib/gcc/x86_64-pc-linux-gnu/8.3.0/include-fixed]
    add: [/usr/local/include]
    add: [/usr/include]
  end of search list found
  collapse include dir [/cvmfs/cepcsw.ihep.ac.cn/prototype/releases/externals/97.0.2/k4LCIOReader/include] ==> [/cvmfs/cepcsw.ihep.ac.cn/prototype/releases/externals/97.0.2/k4LCIOReader/include]
  collapse include dir [/cvmfs/cepcsw.ihep.ac.cn/prototype/releases/externals/97.0.2/k4FWCore/include] ==> [/cvmfs/cepcsw.ihep.ac.cn/prototype/releases/externals/97.0.2/k4FWCore/include]
  collapse include dir [/cvmfs/cepcsw.ihep.ac.cn/prototype/releases/externals/97.0.2/Gaudi/include] ==> [/cvmfs/cepcsw.ihep.ac.cn/prototype/releases/externals/97.0.2/Gaudi/include]
  collapse include dir [/cvmfs/cepcsw.ihep.ac.cn/prototype/releases/externals/97.0.2/Pandora/PandoraMonitoring/include] ==> [/cvmfs/cepcsw.ihep.ac.cn/prototype/releases/externals/97.0.2/Pandora/PandoraMonitoring/include]
  collapse include dir [/cvmfs/cepcsw.ihep.ac.cn/prototype/releases/externals/97.0.2/Pandora/LCContent/include] ==> [/cvmfs/cepcsw.ihep.ac.cn/prototype/releases/externals/97.0.2/Pandora/LCContent/include]
  collapse include dir [/cvmfs/cepcsw.ihep.ac.cn/prototype/releases/externals/97.0.2/Pandora/PandoraSDK/include] ==> [/cvmfs/cepcsw.ihep.ac.cn/prototype/releases/externals/97.0.2/Pandora/PandoraSDK/include]
  collapse include dir [/cvmfs/cepcsw.ihep.ac.cn/prototype/releases/externals/97.0.2/GEAR/include] ==> [/cvmfs/cepcsw.ihep.ac.cn/prototype/releases/externals/97.0.2/GEAR/include]
  collapse include dir [/cvmfs/cepcsw.ihep.ac.cn/prototype/releases/externals/97.0.2/EDM4hep/include] ==> [/cvmfs/cepcsw.ihep.ac.cn/prototype/releases/externals/97.0.2/EDM4hep/include]
  collapse include dir [/cvmfs/cepcsw.ihep.ac.cn/prototype/releases/externals/97.0.2/podio/include] ==> [/cvmfs/cepcsw.ihep.ac.cn/prototype/releases/externals/97.0.2/podio/include]
  collapse include dir [/cvmfs/cepcsw.ihep.ac.cn/prototype/releases/externals/97.0.2/LCIO/include] ==> [/cvmfs/cepcsw.ihep.ac.cn/prototype/releases/externals/97.0.2/LCIO/include]
  skipping relative include dir [.]
  collapse include dir [/cvmfs/sft.cern.ch/lcg/releases/gcc/8.3.0-cebb0/x86_64-slc6/include] ==> [/cvmfs/sft.cern.ch/lcg/releases/gcc/8.3.0-cebb0/x86_64-slc6/include]
  collapse include dir [/cvmfs/sft.cern.ch/lcg/views/LCG_97/x86_64-slc6-gcc8-opt/include] ==> [/cvmfs/sft.cern.ch/lcg/views/LCG_97/x86_64-slc6-gcc8-opt/include]
  collapse include dir [/cvmfs/sft.cern.ch/lcg/releases/gcc/8.3.0-cebb0/x86_64-slc6/bin/../lib/gcc/x86_64-pc-linux-gnu/8.3.0/../../../../include/c++/8.3.0] ==> [/cvmfs/sft.cern.ch/lcg/releases/gcc/8.3.0-cebb0/x86_64-slc6/include/c++/8.3.0]
  collapse include dir [/cvmfs/sft.cern.ch/lcg/releases/gcc/8.3.0-cebb0/x86_64-slc6/bin/../lib/gcc/x86_64-pc-linux-gnu/8.3.0/../../../../include/c++/8.3.0/x86_64-pc-linux-gnu] ==> [/cvmfs/sft.cern.ch/lcg/releases/gcc/8.3.0-cebb0/x86_64-slc6/include/c++/8.3.0/x86_64-pc-linux-gnu]
  collapse include dir [/cvmfs/sft.cern.ch/lcg/releases/gcc/8.3.0-cebb0/x86_64-slc6/bin/../lib/gcc/x86_64-pc-linux-gnu/8.3.0/../../../../include/c++/8.3.0/backward] ==> [/cvmfs/sft.cern.ch/lcg/releases/gcc/8.3.0-cebb0/x86_64-slc6/include/c++/8.3.0/backward]
  collapse include dir [/cvmfs/sft.cern.ch/lcg/releases/gcc/8.3.0-cebb0/x86_64-slc6/bin/../lib/gcc/x86_64-pc-linux-gnu/8.3.0/include] ==> [/cvmfs/sft.cern.ch/lcg/releases/gcc/8.3.0-cebb0/x86_64-slc6/lib/gcc/x86_64-pc-linux-gnu/8.3.0/include]
  collapse include dir [/cvmfs/sft.cern.ch/lcg/releases/gcc/8.3.0-cebb0/x86_64-slc6/bin/../lib/gcc/x86_64-pc-linux-gnu/8.3.0/include-fixed] ==> [/cvmfs/sft.cern.ch/lcg/releases/gcc/8.3.0-cebb0/x86_64-slc6/lib/gcc/x86_64-pc-linux-gnu/8.3.0/include-fixed]
  collapse include dir [/usr/local/include] ==> [/usr/local/include]
  collapse include dir [/usr/include] ==> [/usr/include]
  implicit include dirs: [/cvmfs/cepcsw.ihep.ac.cn/prototype/releases/externals/97.0.2/k4LCIOReader/include;/cvmfs/cepcsw.ihep.ac.cn/prototype/releases/externals/97.0.2/k4FWCore/include;/cvmfs/cepcsw.ihep.ac.cn/prototype/releases/externals/97.0.2/Gaudi/include;/cvmfs/cepcsw.ihep.ac.cn/prototype/releases/externals/97.0.2/Pandora/PandoraMonitoring/include;/cvmfs/cepcsw.ihep.ac.cn/prototype/releases/externals/97.0.2/Pandora/LCContent/include;/cvmfs/cepcsw.ihep.ac.cn/prototype/releases/externals/97.0.2/Pandora/PandoraSDK/include;/cvmfs/cepcsw.ihep.ac.cn/prototype/releases/externals/97.0.2/GEAR/include;/cvmfs/cepcsw.ihep.ac.cn/prototype/releases/externals/97.0.2/EDM4hep/include;/cvmfs/cepcsw.ihep.ac.cn/prototype/releases/externals/97.0.2/podio/include;/cvmfs/cepcsw.ihep.ac.cn/prototype/releases/externals/97.0.2/LCIO/include;/cvmfs/sft.cern.ch/lcg/releases/gcc/8.3.0-cebb0/x86_64-slc6/include;/cvmfs/sft.cern.ch/lcg/views/LCG_97/x86_64-slc6-gcc8-opt/include;/cvmfs/sft.cern.ch/lcg/releases/gcc/8.3.0-cebb0/x86_64-slc6/include/c++/8.3.0;/cvmfs/sft.cern.ch/lcg/releases/gcc/8.3.0-cebb0/x86_64-slc6/include/c++/8.3.0/x86_64-pc-linux-gnu;/cvmfs/sft.cern.ch/lcg/releases/gcc/8.3.0-cebb0/x86_64-slc6/include/c++/8.3.0/backward;/cvmfs/sft.cern.ch/lcg/releases/gcc/8.3.0-cebb0/x86_64-slc6/lib/gcc/x86_64-pc-linux-gnu/8.3.0/include;/cvmfs/sft.cern.ch/lcg/releases/gcc/8.3.0-cebb0/x86_64-slc6/lib/gcc/x86_64-pc-linux-gnu/8.3.0/include-fixed;/usr/local/include;/usr/include]


Parsed CXX implicit link information from above output:
  link line regex: [^( *|.*[/\])(ld|CMAKE_LINK_STARTFILE-NOTFOUND|([^/\]+-)?ld|collect2)[^/\]*( |$)]
  ignore line: [Change Dir: /cefs/higgs/yudan/softwares/CEPCSW_Dev/CEPCSW/Reconstruction/PFA/Arbor/build/CMakeFiles/CMakeTmp]
  ignore line: []
  ignore line: [Run Build Command(s):/usr/bin/gmake cmTC_e8d4e/fast ]
  ignore line: [/usr/bin/gmake -f CMakeFiles/cmTC_e8d4e.dir/build.make CMakeFiles/cmTC_e8d4e.dir/build]
  ignore line: [gmake[1]: Entering directory `/cefs/higgs/yudan/softwares/CEPCSW_Dev/CEPCSW/Reconstruction/PFA/Arbor/build/CMakeFiles/CMakeTmp']
  ignore line: [Building CXX object CMakeFiles/cmTC_e8d4e.dir/CMakeCXXCompilerABI.cpp.o]
  ignore line: [/cvmfs/sft.cern.ch/lcg/releases/gcc/8.3.0-cebb0/x86_64-slc6/bin/g++    -v -o CMakeFiles/cmTC_e8d4e.dir/CMakeCXXCompilerABI.cpp.o -c /cvmfs/sft.cern.ch/lcg/releases/CMake/3.14.3-34449/x86_64-slc6-gcc8-opt/share/cmake-3.14/Modules/CMakeCXXCompilerABI.cpp]
  ignore line: [Using built-in specs.]
  ignore line: [COLLECT_GCC=/cvmfs/sft.cern.ch/lcg/releases/gcc/8.3.0-cebb0/x86_64-slc6/bin/g++]
  ignore line: [Target: x86_64-pc-linux-gnu]
  ignore line: [Configured with: /build/gcc/build/contrib/gcc-8.3.0/src/gcc/8.3.0/configure --prefix=/build/gcc/lcgcmake-install/gcc/8.3.0/x86_64-slc6 -with-system-zlib --disable-multilib --enable-languages=all --with-gnu-ld --with-ld=/build/gcc/lcgcmake-install/binutils/2.30/x86_64-slc6/bin/ld --with-gnu-as --with-as=/build/gcc/lcgcmake-install/binutils/2.30/x86_64-slc6/bin/as]
  ignore line: [Thread model: posix]
  ignore line: [gcc version 8.3.0 (GCC) ]
  ignore line: [COLLECT_GCC_OPTIONS='-v' '-o' 'CMakeFiles/cmTC_e8d4e.dir/CMakeCXXCompilerABI.cpp.o' '-c' '-shared-libgcc' '-mtune=generic' '-march=x86-64']
  ignore line: [ /cvmfs/sft.cern.ch/lcg/releases/gcc/8.3.0-cebb0/x86_64-slc6/bin/../libexec/gcc/x86_64-pc-linux-gnu/8.3.0/cc1plus -quiet -v -iprefix /cvmfs/sft.cern.ch/lcg/releases/gcc/8.3.0-cebb0/x86_64-slc6/bin/../lib/gcc/x86_64-pc-linux-gnu/8.3.0/ -isystem /cvmfs/sft.cern.ch/lcg/releases/gcc/8.3.0-cebb0/x86_64-slc6/include -D_GNU_SOURCE /cvmfs/sft.cern.ch/lcg/releases/CMake/3.14.3-34449/x86_64-slc6-gcc8-opt/share/cmake-3.14/Modules/CMakeCXXCompilerABI.cpp -quiet -dumpbase CMakeCXXCompilerABI.cpp -mtune=generic -march=x86-64 -auxbase-strip CMakeFiles/cmTC_e8d4e.dir/CMakeCXXCompilerABI.cpp.o -version -o /tmp/ccu9mcsk.s]
  ignore line: [GNU C++14 (GCC) version 8.3.0 (x86_64-pc-linux-gnu)]
  ignore line: [	compiled by GNU C version 8.3.0, GMP version 6.1.0, MPFR version 3.1.4, MPC version 1.0.3, isl version isl-0.18-GMP]
  ignore line: []
  ignore line: [GGC heuristics: --param ggc-min-expand=100 --param ggc-min-heapsize=131072]
  ignore line: [ignoring nonexistent directory "/cvmfs/sft.cern.ch/lcg/releases/gcc/8.3.0-cebb0/x86_64-slc6/bin/../lib/gcc/x86_64-pc-linux-gnu/8.3.0/../../../../x86_64-pc-linux-gnu/include"]
  ignore line: [ignoring duplicate directory "/cvmfs/sft.cern.ch/lcg/releases/gcc/8.3.0-cebb0/x86_64-slc6/bin/../lib/gcc/../../lib/gcc/x86_64-pc-linux-gnu/8.3.0/../../../../include/c++/8.3.0"]
  ignore line: [ignoring duplicate directory "/cvmfs/sft.cern.ch/lcg/releases/gcc/8.3.0-cebb0/x86_64-slc6/bin/../lib/gcc/../../lib/gcc/x86_64-pc-linux-gnu/8.3.0/../../../../include/c++/8.3.0/x86_64-pc-linux-gnu"]
  ignore line: [ignoring duplicate directory "/cvmfs/sft.cern.ch/lcg/releases/gcc/8.3.0-cebb0/x86_64-slc6/bin/../lib/gcc/../../lib/gcc/x86_64-pc-linux-gnu/8.3.0/../../../../include/c++/8.3.0/backward"]
  ignore line: [ignoring duplicate directory "/cvmfs/sft.cern.ch/lcg/releases/gcc/8.3.0-cebb0/x86_64-slc6/bin/../lib/gcc/../../lib/gcc/x86_64-pc-linux-gnu/8.3.0/include"]
  ignore line: [ignoring duplicate directory "/cvmfs/sft.cern.ch/lcg/releases/gcc/8.3.0-cebb0/x86_64-slc6/bin/../lib/gcc/../../include"]
  ignore line: [ignoring duplicate directory "/cvmfs/sft.cern.ch/lcg/releases/gcc/8.3.0-cebb0/x86_64-slc6/bin/../lib/gcc/../../lib/gcc/x86_64-pc-linux-gnu/8.3.0/include-fixed"]
  ignore line: [ignoring nonexistent directory "/cvmfs/sft.cern.ch/lcg/releases/gcc/8.3.0-cebb0/x86_64-slc6/bin/../lib/gcc/../../lib/gcc/x86_64-pc-linux-gnu/8.3.0/../../../../x86_64-pc-linux-gnu/include"]
  ignore line: [ignoring nonexistent directory "/cvmfs/cepcsw.ihep.ac.cn/prototype/releases/externals/97.0.2/plcio/include"]
  ignore line: [ignoring nonexistent directory "/cvmfs/cepcsw.ihep.ac.cn/prototype/releases/externals/97.0.2/plcio/include/plcio"]
  ignore line: [#include "..." search starts here:]
  ignore line: [#include <...> search starts here:]
  ignore line: [ /cvmfs/cepcsw.ihep.ac.cn/prototype/releases/externals/97.0.2/k4LCIOReader/include]
  ignore line: [ /cvmfs/cepcsw.ihep.ac.cn/prototype/releases/externals/97.0.2/k4FWCore/include]
  ignore line: [ /cvmfs/cepcsw.ihep.ac.cn/prototype/releases/externals/97.0.2/Gaudi/include]
  ignore line: [ /cvmfs/cepcsw.ihep.ac.cn/prototype/releases/externals/97.0.2/Pandora/PandoraMonitoring/include]
  ignore line: [ /cvmfs/cepcsw.ihep.ac.cn/prototype/releases/externals/97.0.2/Pandora/LCContent/include]
  ignore line: [ /cvmfs/cepcsw.ihep.ac.cn/prototype/releases/externals/97.0.2/Pandora/PandoraSDK/include]
  ignore line: [ /cvmfs/cepcsw.ihep.ac.cn/prototype/releases/externals/97.0.2/GEAR/include]
  ignore line: [ /cvmfs/cepcsw.ihep.ac.cn/prototype/releases/externals/97.0.2/EDM4hep/include]
  ignore line: [ /cvmfs/cepcsw.ihep.ac.cn/prototype/releases/externals/97.0.2/podio/include]
  ignore line: [ /cvmfs/cepcsw.ihep.ac.cn/prototype/releases/externals/97.0.2/LCIO/include]
  ignore line: [ .]
  ignore line: [ /cvmfs/sft.cern.ch/lcg/releases/gcc/8.3.0-cebb0/x86_64-slc6/include]
  ignore line: [ /cvmfs/sft.cern.ch/lcg/views/LCG_97/x86_64-slc6-gcc8-opt/include]
  ignore line: [ /cvmfs/sft.cern.ch/lcg/releases/gcc/8.3.0-cebb0/x86_64-slc6/bin/../lib/gcc/x86_64-pc-linux-gnu/8.3.0/../../../../include/c++/8.3.0]
  ignore line: [ /cvmfs/sft.cern.ch/lcg/releases/gcc/8.3.0-cebb0/x86_64-slc6/bin/../lib/gcc/x86_64-pc-linux-gnu/8.3.0/../../../../include/c++/8.3.0/x86_64-pc-linux-gnu]
  ignore line: [ /cvmfs/sft.cern.ch/lcg/releases/gcc/8.3.0-cebb0/x86_64-slc6/bin/../lib/gcc/x86_64-pc-linux-gnu/8.3.0/../../../../include/c++/8.3.0/backward]
  ignore line: [ /cvmfs/sft.cern.ch/lcg/releases/gcc/8.3.0-cebb0/x86_64-slc6/bin/../lib/gcc/x86_64-pc-linux-gnu/8.3.0/include]
  ignore line: [ /cvmfs/sft.cern.ch/lcg/releases/gcc/8.3.0-cebb0/x86_64-slc6/bin/../lib/gcc/x86_64-pc-linux-gnu/8.3.0/include-fixed]
  ignore line: [ /usr/local/include]
  ignore line: [ /usr/include]
  ignore line: [End of search list.]
  ignore line: [GNU C++14 (GCC) version 8.3.0 (x86_64-pc-linux-gnu)]
  ignore line: [	compiled by GNU C version 8.3.0, GMP version 6.1.0, MPFR version 3.1.4, MPC version 1.0.3, isl version isl-0.18-GMP]
  ignore line: []
  ignore line: [GGC heuristics: --param ggc-min-expand=100 --param ggc-min-heapsize=131072]
  ignore line: [Compiler executable checksum: c802273566d53b80a85017de200dadc0]
  ignore line: [COLLECT_GCC_OPTIONS='-v' '-o' 'CMakeFiles/cmTC_e8d4e.dir/CMakeCXXCompilerABI.cpp.o' '-c' '-shared-libgcc' '-mtune=generic' '-march=x86-64']
  ignore line: [ as -v --64 -o CMakeFiles/cmTC_e8d4e.dir/CMakeCXXCompilerABI.cpp.o /tmp/ccu9mcsk.s]
  ignore line: [GNU assembler version 2.30 (x86_64-pc-linux-gnu) using BFD version (GNU Binutils) 2.30]
  ignore line: [COMPILER_PATH=/cvmfs/sft.cern.ch/lcg/releases/gcc/8.3.0-cebb0/x86_64-slc6/bin/../libexec/gcc/x86_64-pc-linux-gnu/8.3.0/:/cvmfs/sft.cern.ch/lcg/releases/gcc/8.3.0-cebb0/x86_64-slc6/bin/../libexec/gcc/:/cvmfs/sft.cern.ch/lcg/releases/gcc/8.3.0-cebb0/x86_64-slc6/]
  ignore line: [LIBRARY_PATH=/cvmfs/sft.cern.ch/lcg/releases/gcc/8.3.0-cebb0/x86_64-slc6/bin/../lib/gcc/x86_64-pc-linux-gnu/8.3.0/:/cvmfs/sft.cern.ch/lcg/releases/gcc/8.3.0-cebb0/x86_64-slc6/bin/../lib/gcc/:/cvmfs/sft.cern.ch/lcg/releases/gcc/8.3.0-cebb0/x86_64-slc6/bin/../lib/gcc/x86_64-pc-linux-gnu/8.3.0/../../../../lib64/:/lib/../lib64/:/usr/lib/../lib64/:/cvmfs/sft.cern.ch/lcg/releases/gcc/8.3.0-cebb0/x86_64-slc6/bin/../lib/gcc/x86_64-pc-linux-gnu/8.3.0/../../../:/lib/:/usr/lib/]
  ignore line: [COLLECT_GCC_OPTIONS='-v' '-o' 'CMakeFiles/cmTC_e8d4e.dir/CMakeCXXCompilerABI.cpp.o' '-c' '-shared-libgcc' '-mtune=generic' '-march=x86-64']
  ignore line: [Linking CXX executable cmTC_e8d4e]
  ignore line: [/cvmfs/sft.cern.ch/lcg/releases/CMake/3.14.3-34449/x86_64-slc6-gcc8-opt/bin/cmake -E cmake_link_script CMakeFiles/cmTC_e8d4e.dir/link.txt --verbose=1]
  ignore line: [/cvmfs/sft.cern.ch/lcg/releases/gcc/8.3.0-cebb0/x86_64-slc6/bin/g++      -v -rdynamic CMakeFiles/cmTC_e8d4e.dir/CMakeCXXCompilerABI.cpp.o  -o cmTC_e8d4e ]
  ignore line: [Using built-in specs.]
  ignore line: [COLLECT_GCC=/cvmfs/sft.cern.ch/lcg/releases/gcc/8.3.0-cebb0/x86_64-slc6/bin/g++]
  ignore line: [COLLECT_LTO_WRAPPER=/cvmfs/sft.cern.ch/lcg/releases/gcc/8.3.0-cebb0/x86_64-slc6/bin/../libexec/gcc/x86_64-pc-linux-gnu/8.3.0/lto-wrapper]
  ignore line: [Target: x86_64-pc-linux-gnu]
  ignore line: [Configured with: /build/gcc/build/contrib/gcc-8.3.0/src/gcc/8.3.0/configure --prefix=/build/gcc/lcgcmake-install/gcc/8.3.0/x86_64-slc6 -with-system-zlib --disable-multilib --enable-languages=all --with-gnu-ld --with-ld=/build/gcc/lcgcmake-install/binutils/2.30/x86_64-slc6/bin/ld --with-gnu-as --with-as=/build/gcc/lcgcmake-install/binutils/2.30/x86_64-slc6/bin/as]
  ignore line: [Thread model: posix]
  ignore line: [gcc version 8.3.0 (GCC) ]
  ignore line: [COMPILER_PATH=/cvmfs/sft.cern.ch/lcg/releases/gcc/8.3.0-cebb0/x86_64-slc6/bin/../libexec/gcc/x86_64-pc-linux-gnu/8.3.0/:/cvmfs/sft.cern.ch/lcg/releases/gcc/8.3.0-cebb0/x86_64-slc6/bin/../libexec/gcc/:/cvmfs/sft.cern.ch/lcg/releases/gcc/8.3.0-cebb0/x86_64-slc6/]
  ignore line: [LIBRARY_PATH=/cvmfs/sft.cern.ch/lcg/releases/gcc/8.3.0-cebb0/x86_64-slc6/bin/../lib/gcc/x86_64-pc-linux-gnu/8.3.0/:/cvmfs/sft.cern.ch/lcg/releases/gcc/8.3.0-cebb0/x86_64-slc6/bin/../lib/gcc/:/cvmfs/sft.cern.ch/lcg/releases/gcc/8.3.0-cebb0/x86_64-slc6/bin/../lib/gcc/x86_64-pc-linux-gnu/8.3.0/../../../../lib64/:/lib/../lib64/:/usr/lib/../lib64/:/cvmfs/sft.cern.ch/lcg/releases/gcc/8.3.0-cebb0/x86_64-slc6/bin/../lib/gcc/x86_64-pc-linux-gnu/8.3.0/../../../:/lib/:/usr/lib/]
  ignore line: [COLLECT_GCC_OPTIONS='-v' '-rdynamic' '-o' 'cmTC_e8d4e' '-shared-libgcc' '-mtune=generic' '-march=x86-64']
  link line: [ /cvmfs/sft.cern.ch/lcg/releases/gcc/8.3.0-cebb0/x86_64-slc6/bin/../libexec/gcc/x86_64-pc-linux-gnu/8.3.0/collect2 -plugin /cvmfs/sft.cern.ch/lcg/releases/gcc/8.3.0-cebb0/x86_64-slc6/bin/../libexec/gcc/x86_64-pc-linux-gnu/8.3.0/liblto_plugin.so -plugin-opt=/cvmfs/sft.cern.ch/lcg/releases/gcc/8.3.0-cebb0/x86_64-slc6/bin/../libexec/gcc/x86_64-pc-linux-gnu/8.3.0/lto-wrapper -plugin-opt=-fresolution=/tmp/ccAXh6Uy.res -plugin-opt=-pass-through=-lgcc_s -plugin-opt=-pass-through=-lgcc -plugin-opt=-pass-through=-lc -plugin-opt=-pass-through=-lgcc_s -plugin-opt=-pass-through=-lgcc --eh-frame-hdr -m elf_x86_64 -export-dynamic -dynamic-linker /lib64/ld-linux-x86-64.so.2 -o cmTC_e8d4e /lib/../lib64/crt1.o /lib/../lib64/crti.o /cvmfs/sft.cern.ch/lcg/releases/gcc/8.3.0-cebb0/x86_64-slc6/bin/../lib/gcc/x86_64-pc-linux-gnu/8.3.0/crtbegin.o -L/cvmfs/sft.cern.ch/lcg/releases/gcc/8.3.0-cebb0/x86_64-slc6/bin/../lib/gcc/x86_64-pc-linux-gnu/8.3.0 -L/cvmfs/sft.cern.ch/lcg/releases/gcc/8.3.0-cebb0/x86_64-slc6/bin/../lib/gcc -L/cvmfs/sft.cern.ch/lcg/releases/gcc/8.3.0-cebb0/x86_64-slc6/bin/../lib/gcc/x86_64-pc-linux-gnu/8.3.0/../../../../lib64 -L/lib/../lib64 -L/usr/lib/../lib64 -L/cvmfs/sft.cern.ch/lcg/releases/gcc/8.3.0-cebb0/x86_64-slc6/bin/../lib/gcc/x86_64-pc-linux-gnu/8.3.0/../../.. CMakeFiles/cmTC_e8d4e.dir/CMakeCXXCompilerABI.cpp.o -lstdc++ -lm -lgcc_s -lgcc -lc -lgcc_s -lgcc /cvmfs/sft.cern.ch/lcg/releases/gcc/8.3.0-cebb0/x86_64-slc6/bin/../lib/gcc/x86_64-pc-linux-gnu/8.3.0/crtend.o /lib/../lib64/crtn.o]
    arg [/cvmfs/sft.cern.ch/lcg/releases/gcc/8.3.0-cebb0/x86_64-slc6/bin/../libexec/gcc/x86_64-pc-linux-gnu/8.3.0/collect2] ==> ignore
    arg [-plugin] ==> ignore
    arg [/cvmfs/sft.cern.ch/lcg/releases/gcc/8.3.0-cebb0/x86_64-slc6/bin/../libexec/gcc/x86_64-pc-linux-gnu/8.3.0/liblto_plugin.so] ==> ignore
    arg [-plugin-opt=/cvmfs/sft.cern.ch/lcg/releases/gcc/8.3.0-cebb0/x86_64-slc6/bin/../libexec/gcc/x86_64-pc-linux-gnu/8.3.0/lto-wrapper] ==> ignore
    arg [-plugin-opt=-fresolution=/tmp/ccAXh6Uy.res] ==> ignore
    arg [-plugin-opt=-pass-through=-lgcc_s] ==> ignore
    arg [-plugin-opt=-pass-through=-lgcc] ==> ignore
    arg [-plugin-opt=-pass-through=-lc] ==> ignore
    arg [-plugin-opt=-pass-through=-lgcc_s] ==> ignore
    arg [-plugin-opt=-pass-through=-lgcc] ==> ignore
    arg [--eh-frame-hdr] ==> ignore
    arg [-m] ==> ignore
    arg [elf_x86_64] ==> ignore
    arg [-export-dynamic] ==> ignore
    arg [-dynamic-linker] ==> ignore
    arg [/lib64/ld-linux-x86-64.so.2] ==> ignore
    arg [-o] ==> ignore
    arg [cmTC_e8d4e] ==> ignore
    arg [/lib/../lib64/crt1.o] ==> ignore
    arg [/lib/../lib64/crti.o] ==> ignore
    arg [/cvmfs/sft.cern.ch/lcg/releases/gcc/8.3.0-cebb0/x86_64-slc6/bin/../lib/gcc/x86_64-pc-linux-gnu/8.3.0/crtbegin.o] ==> ignore
    arg [-L/cvmfs/sft.cern.ch/lcg/releases/gcc/8.3.0-cebb0/x86_64-slc6/bin/../lib/gcc/x86_64-pc-linux-gnu/8.3.0] ==> dir [/cvmfs/sft.cern.ch/lcg/releases/gcc/8.3.0-cebb0/x86_64-slc6/bin/../lib/gcc/x86_64-pc-linux-gnu/8.3.0]
    arg [-L/cvmfs/sft.cern.ch/lcg/releases/gcc/8.3.0-cebb0/x86_64-slc6/bin/../lib/gcc] ==> dir [/cvmfs/sft.cern.ch/lcg/releases/gcc/8.3.0-cebb0/x86_64-slc6/bin/../lib/gcc]
    arg [-L/cvmfs/sft.cern.ch/lcg/releases/gcc/8.3.0-cebb0/x86_64-slc6/bin/../lib/gcc/x86_64-pc-linux-gnu/8.3.0/../../../../lib64] ==> dir [/cvmfs/sft.cern.ch/lcg/releases/gcc/8.3.0-cebb0/x86_64-slc6/bin/../lib/gcc/x86_64-pc-linux-gnu/8.3.0/../../../../lib64]
    arg [-L/lib/../lib64] ==> dir [/lib/../lib64]
    arg [-L/usr/lib/../lib64] ==> dir [/usr/lib/../lib64]
    arg [-L/cvmfs/sft.cern.ch/lcg/releases/gcc/8.3.0-cebb0/x86_64-slc6/bin/../lib/gcc/x86_64-pc-linux-gnu/8.3.0/../../..] ==> dir [/cvmfs/sft.cern.ch/lcg/releases/gcc/8.3.0-cebb0/x86_64-slc6/bin/../lib/gcc/x86_64-pc-linux-gnu/8.3.0/../../..]
    arg [CMakeFiles/cmTC_e8d4e.dir/CMakeCXXCompilerABI.cpp.o] ==> ignore
    arg [-lstdc++] ==> lib [stdc++]
    arg [-lm] ==> lib [m]
    arg [-lgcc_s] ==> lib [gcc_s]
    arg [-lgcc] ==> lib [gcc]
    arg [-lc] ==> lib [c]
    arg [-lgcc_s] ==> lib [gcc_s]
    arg [-lgcc] ==> lib [gcc]
    arg [/cvmfs/sft.cern.ch/lcg/releases/gcc/8.3.0-cebb0/x86_64-slc6/bin/../lib/gcc/x86_64-pc-linux-gnu/8.3.0/crtend.o] ==> ignore
    arg [/lib/../lib64/crtn.o] ==> ignore
  collapse library dir [/cvmfs/sft.cern.ch/lcg/releases/gcc/8.3.0-cebb0/x86_64-slc6/bin/../lib/gcc/x86_64-pc-linux-gnu/8.3.0] ==> [/cvmfs/sft.cern.ch/lcg/releases/gcc/8.3.0-cebb0/x86_64-slc6/lib/gcc/x86_64-pc-linux-gnu/8.3.0]
  collapse library dir [/cvmfs/sft.cern.ch/lcg/releases/gcc/8.3.0-cebb0/x86_64-slc6/bin/../lib/gcc] ==> [/cvmfs/sft.cern.ch/lcg/releases/gcc/8.3.0-cebb0/x86_64-slc6/lib/gcc]
  collapse library dir [/cvmfs/sft.cern.ch/lcg/releases/gcc/8.3.0-cebb0/x86_64-slc6/bin/../lib/gcc/x86_64-pc-linux-gnu/8.3.0/../../../../lib64] ==> [/cvmfs/sft.cern.ch/lcg/releases/gcc/8.3.0-cebb0/x86_64-slc6/lib64]
  collapse library dir [/lib/../lib64] ==> [/lib64]
  collapse library dir [/usr/lib/../lib64] ==> [/usr/lib64]
  collapse library dir [/cvmfs/sft.cern.ch/lcg/releases/gcc/8.3.0-cebb0/x86_64-slc6/bin/../lib/gcc/x86_64-pc-linux-gnu/8.3.0/../../..] ==> [/cvmfs/sft.cern.ch/lcg/releases/gcc/8.3.0-cebb0/x86_64-slc6/lib]
  implicit libs: [stdc++;m;gcc_s;gcc;c;gcc_s;gcc]
  implicit dirs: [/cvmfs/sft.cern.ch/lcg/releases/gcc/8.3.0-cebb0/x86_64-slc6/lib/gcc/x86_64-pc-linux-gnu/8.3.0;/cvmfs/sft.cern.ch/lcg/releases/gcc/8.3.0-cebb0/x86_64-slc6/lib/gcc;/cvmfs/sft.cern.ch/lcg/releases/gcc/8.3.0-cebb0/x86_64-slc6/lib64;/lib64;/usr/lib64;/cvmfs/sft.cern.ch/lcg/releases/gcc/8.3.0-cebb0/x86_64-slc6/lib]
  implicit fwks: []




Detecting CXX [-std=c++2a] compiler features compiled with the following output:
Change Dir: /cefs/higgs/yudan/softwares/CEPCSW_Dev/CEPCSW/Reconstruction/PFA/Arbor/build/CMakeFiles/CMakeTmp

Run Build Command(s):/usr/bin/gmake cmTC_5ca0c/fast 
/usr/bin/gmake -f CMakeFiles/cmTC_5ca0c.dir/build.make CMakeFiles/cmTC_5ca0c.dir/build
gmake[1]: 进入目录“/cefs/higgs/yudan/softwares/CEPCSW_Dev/CEPCSW/Reconstruction/PFA/Arbor/build/CMakeFiles/CMakeTmp”
Building CXX object CMakeFiles/cmTC_5ca0c.dir/feature_tests.cxx.o
/cvmfs/sft.cern.ch/lcg/releases/gcc/8.3.0-cebb0/x86_64-slc6/bin/g++    -std=c++2a -o CMakeFiles/cmTC_5ca0c.dir/feature_tests.cxx.o -c /cefs/higgs/yudan/softwares/CEPCSW_Dev/CEPCSW/Reconstruction/PFA/Arbor/build/CMakeFiles/feature_tests.cxx
Linking CXX executable cmTC_5ca0c
/cvmfs/sft.cern.ch/lcg/releases/CMake/3.14.3-34449/x86_64-slc6-gcc8-opt/bin/cmake -E cmake_link_script CMakeFiles/cmTC_5ca0c.dir/link.txt --verbose=1
/cvmfs/sft.cern.ch/lcg/releases/gcc/8.3.0-cebb0/x86_64-slc6/bin/g++       -rdynamic CMakeFiles/cmTC_5ca0c.dir/feature_tests.cxx.o  -o cmTC_5ca0c 
gmake[1]: 离开目录“/cefs/higgs/yudan/softwares/CEPCSW_Dev/CEPCSW/Reconstruction/PFA/Arbor/build/CMakeFiles/CMakeTmp”


    Feature record: CXX_FEATURE:1cxx_aggregate_default_initializers
    Feature record: CXX_FEATURE:1cxx_alias_templates
    Feature record: CXX_FEATURE:1cxx_alignas
    Feature record: CXX_FEATURE:1cxx_alignof
    Feature record: CXX_FEATURE:1cxx_attributes
    Feature record: CXX_FEATURE:1cxx_attribute_deprecated
    Feature record: CXX_FEATURE:1cxx_auto_type
    Feature record: CXX_FEATURE:1cxx_binary_literals
    Feature record: CXX_FEATURE:1cxx_constexpr
    Feature record: CXX_FEATURE:1cxx_contextual_conversions
    Feature record: CXX_FEATURE:1cxx_decltype
    Feature record: CXX_FEATURE:1cxx_decltype_auto
    Feature record: CXX_FEATURE:1cxx_decltype_incomplete_return_types
    Feature record: CXX_FEATURE:1cxx_default_function_template_args
    Feature record: CXX_FEATURE:1cxx_defaulted_functions
    Feature record: CXX_FEATURE:1cxx_defaulted_move_initializers
    Feature record: CXX_FEATURE:1cxx_delegating_constructors
    Feature record: CXX_FEATURE:1cxx_deleted_functions
    Feature record: CXX_FEATURE:1cxx_digit_separators
    Feature record: CXX_FEATURE:1cxx_enum_forward_declarations
    Feature record: CXX_FEATURE:1cxx_explicit_conversions
    Feature record: CXX_FEATURE:1cxx_extended_friend_declarations
    Feature record: CXX_FEATURE:1cxx_extern_templates
    Feature record: CXX_FEATURE:1cxx_final
    Feature record: CXX_FEATURE:1cxx_func_identifier
    Feature record: CXX_FEATURE:1cxx_generalized_initializers
    Feature record: CXX_FEATURE:1cxx_generic_lambdas
    Feature record: CXX_FEATURE:1cxx_inheriting_constructors
    Feature record: CXX_FEATURE:1cxx_inline_namespaces
    Feature record: CXX_FEATURE:1cxx_lambdas
    Feature record: CXX_FEATURE:1cxx_lambda_init_captures
    Feature record: CXX_FEATURE:1cxx_local_type_template_args
    Feature record: CXX_FEATURE:1cxx_long_long_type
    Feature record: CXX_FEATURE:1cxx_noexcept
    Feature record: CXX_FEATURE:1cxx_nonstatic_member_init
    Feature record: CXX_FEATURE:1cxx_nullptr
    Feature record: CXX_FEATURE:1cxx_override
    Feature record: CXX_FEATURE:1cxx_range_for
    Feature record: CXX_FEATURE:1cxx_raw_string_literals
    Feature record: CXX_FEATURE:1cxx_reference_qualified_functions
    Feature record: CXX_FEATURE:1cxx_relaxed_constexpr
    Feature record: CXX_FEATURE:1cxx_return_type_deduction
    Feature record: CXX_FEATURE:1cxx_right_angle_brackets
    Feature record: CXX_FEATURE:1cxx_rvalue_references
    Feature record: CXX_FEATURE:1cxx_sizeof_member
    Feature record: CXX_FEATURE:1cxx_static_assert
    Feature record: CXX_FEATURE:1cxx_strong_enums
    Feature record: CXX_FEATURE:1cxx_template_template_parameters
    Feature record: CXX_FEATURE:1cxx_thread_local
    Feature record: CXX_FEATURE:1cxx_trailing_return_types
    Feature record: CXX_FEATURE:1cxx_unicode_literals
    Feature record: CXX_FEATURE:1cxx_uniform_initialization
    Feature record: CXX_FEATURE:1cxx_unrestricted_unions
    Feature record: CXX_FEATURE:1cxx_user_literals
    Feature record: CXX_FEATURE:1cxx_variable_templates
    Feature record: CXX_FEATURE:1cxx_variadic_macros
    Feature record: CXX_FEATURE:1cxx_variadic_templates


Detecting CXX [-std=c++17] compiler features compiled with the following output:
Change Dir: /cefs/higgs/yudan/softwares/CEPCSW_Dev/CEPCSW/Reconstruction/PFA/Arbor/build/CMakeFiles/CMakeTmp

Run Build Command(s):/usr/bin/gmake cmTC_c0514/fast 
/usr/bin/gmake -f CMakeFiles/cmTC_c0514.dir/build.make CMakeFiles/cmTC_c0514.dir/build
gmake[1]: 进入目录“/cefs/higgs/yudan/softwares/CEPCSW_Dev/CEPCSW/Reconstruction/PFA/Arbor/build/CMakeFiles/CMakeTmp”
Building CXX object CMakeFiles/cmTC_c0514.dir/feature_tests.cxx.o
/cvmfs/sft.cern.ch/lcg/releases/gcc/8.3.0-cebb0/x86_64-slc6/bin/g++    -std=c++17 -o CMakeFiles/cmTC_c0514.dir/feature_tests.cxx.o -c /cefs/higgs/yudan/softwares/CEPCSW_Dev/CEPCSW/Reconstruction/PFA/Arbor/build/CMakeFiles/feature_tests.cxx
Linking CXX executable cmTC_c0514
/cvmfs/sft.cern.ch/lcg/releases/CMake/3.14.3-34449/x86_64-slc6-gcc8-opt/bin/cmake -E cmake_link_script CMakeFiles/cmTC_c0514.dir/link.txt --verbose=1
/cvmfs/sft.cern.ch/lcg/releases/gcc/8.3.0-cebb0/x86_64-slc6/bin/g++       -rdynamic CMakeFiles/cmTC_c0514.dir/feature_tests.cxx.o  -o cmTC_c0514 
gmake[1]: 离开目录“/cefs/higgs/yudan/softwares/CEPCSW_Dev/CEPCSW/Reconstruction/PFA/Arbor/build/CMakeFiles/CMakeTmp”


    Feature record: CXX_FEATURE:1cxx_aggregate_default_initializers
    Feature record: CXX_FEATURE:1cxx_alias_templates
    Feature record: CXX_FEATURE:1cxx_alignas
    Feature record: CXX_FEATURE:1cxx_alignof
    Feature record: CXX_FEATURE:1cxx_attributes
    Feature record: CXX_FEATURE:1cxx_attribute_deprecated
    Feature record: CXX_FEATURE:1cxx_auto_type
    Feature record: CXX_FEATURE:1cxx_binary_literals
    Feature record: CXX_FEATURE:1cxx_constexpr
    Feature record: CXX_FEATURE:1cxx_contextual_conversions
    Feature record: CXX_FEATURE:1cxx_decltype
    Feature record: CXX_FEATURE:1cxx_decltype_auto
    Feature record: CXX_FEATURE:1cxx_decltype_incomplete_return_types
    Feature record: CXX_FEATURE:1cxx_default_function_template_args
    Feature record: CXX_FEATURE:1cxx_defaulted_functions
    Feature record: CXX_FEATURE:1cxx_defaulted_move_initializers
    Feature record: CXX_FEATURE:1cxx_delegating_constructors
    Feature record: CXX_FEATURE:1cxx_deleted_functions
    Feature record: CXX_FEATURE:1cxx_digit_separators
    Feature record: CXX_FEATURE:1cxx_enum_forward_declarations
    Feature record: CXX_FEATURE:1cxx_explicit_conversions
    Feature record: CXX_FEATURE:1cxx_extended_friend_declarations
    Feature record: CXX_FEATURE:1cxx_extern_templates
    Feature record: CXX_FEATURE:1cxx_final
    Feature record: CXX_FEATURE:1cxx_func_identifier
    Feature record: CXX_FEATURE:1cxx_generalized_initializers
    Feature record: CXX_FEATURE:1cxx_generic_lambdas
    Feature record: CXX_FEATURE:1cxx_inheriting_constructors
    Feature record: CXX_FEATURE:1cxx_inline_namespaces
    Feature record: CXX_FEATURE:1cxx_lambdas
    Feature record: CXX_FEATURE:1cxx_lambda_init_captures
    Feature record: CXX_FEATURE:1cxx_local_type_template_args
    Feature record: CXX_FEATURE:1cxx_long_long_type
    Feature record: CXX_FEATURE:1cxx_noexcept
    Feature record: CXX_FEATURE:1cxx_nonstatic_member_init
    Feature record: CXX_FEATURE:1cxx_nullptr
    Feature record: CXX_FEATURE:1cxx_override
    Feature record: CXX_FEATURE:1cxx_range_for
    Feature record: CXX_FEATURE:1cxx_raw_string_literals
    Feature record: CXX_FEATURE:1cxx_reference_qualified_functions
    Feature record: CXX_FEATURE:1cxx_relaxed_constexpr
    Feature record: CXX_FEATURE:1cxx_return_type_deduction
    Feature record: CXX_FEATURE:1cxx_right_angle_brackets
    Feature record: CXX_FEATURE:1cxx_rvalue_references
    Feature record: CXX_FEATURE:1cxx_sizeof_member
    Feature record: CXX_FEATURE:1cxx_static_assert
    Feature record: CXX_FEATURE:1cxx_strong_enums
    Feature record: CXX_FEATURE:1cxx_template_template_parameters
    Feature record: CXX_FEATURE:1cxx_thread_local
    Feature record: CXX_FEATURE:1cxx_trailing_return_types
    Feature record: CXX_FEATURE:1cxx_unicode_literals
    Feature record: CXX_FEATURE:1cxx_uniform_initialization
    Feature record: CXX_FEATURE:1cxx_unrestricted_unions
    Feature record: CXX_FEATURE:1cxx_user_literals
    Feature record: CXX_FEATURE:1cxx_variable_templates
    Feature record: CXX_FEATURE:1cxx_variadic_macros
    Feature record: CXX_FEATURE:1cxx_variadic_templates


Detecting CXX [-std=c++14] compiler features compiled with the following output:
Change Dir: /cefs/higgs/yudan/softwares/CEPCSW_Dev/CEPCSW/Reconstruction/PFA/Arbor/build/CMakeFiles/CMakeTmp

Run Build Command(s):/usr/bin/gmake cmTC_5714f/fast 
/usr/bin/gmake -f CMakeFiles/cmTC_5714f.dir/build.make CMakeFiles/cmTC_5714f.dir/build
gmake[1]: 进入目录“/cefs/higgs/yudan/softwares/CEPCSW_Dev/CEPCSW/Reconstruction/PFA/Arbor/build/CMakeFiles/CMakeTmp”
Building CXX object CMakeFiles/cmTC_5714f.dir/feature_tests.cxx.o
/cvmfs/sft.cern.ch/lcg/releases/gcc/8.3.0-cebb0/x86_64-slc6/bin/g++    -std=c++14 -o CMakeFiles/cmTC_5714f.dir/feature_tests.cxx.o -c /cefs/higgs/yudan/softwares/CEPCSW_Dev/CEPCSW/Reconstruction/PFA/Arbor/build/CMakeFiles/feature_tests.cxx
Linking CXX executable cmTC_5714f
/cvmfs/sft.cern.ch/lcg/releases/CMake/3.14.3-34449/x86_64-slc6-gcc8-opt/bin/cmake -E cmake_link_script CMakeFiles/cmTC_5714f.dir/link.txt --verbose=1
/cvmfs/sft.cern.ch/lcg/releases/gcc/8.3.0-cebb0/x86_64-slc6/bin/g++       -rdynamic CMakeFiles/cmTC_5714f.dir/feature_tests.cxx.o  -o cmTC_5714f 
gmake[1]: 离开目录“/cefs/higgs/yudan/softwares/CEPCSW_Dev/CEPCSW/Reconstruction/PFA/Arbor/build/CMakeFiles/CMakeTmp”


    Feature record: CXX_FEATURE:1cxx_aggregate_default_initializers
    Feature record: CXX_FEATURE:1cxx_alias_templates
    Feature record: CXX_FEATURE:1cxx_alignas
    Feature record: CXX_FEATURE:1cxx_alignof
    Feature record: CXX_FEATURE:1cxx_attributes
    Feature record: CXX_FEATURE:1cxx_attribute_deprecated
    Feature record: CXX_FEATURE:1cxx_auto_type
    Feature record: CXX_FEATURE:1cxx_binary_literals
    Feature record: CXX_FEATURE:1cxx_constexpr
    Feature record: CXX_FEATURE:1cxx_contextual_conversions
    Feature record: CXX_FEATURE:1cxx_decltype
    Feature record: CXX_FEATURE:1cxx_decltype_auto
    Feature record: CXX_FEATURE:1cxx_decltype_incomplete_return_types
    Feature record: CXX_FEATURE:1cxx_default_function_template_args
    Feature record: CXX_FEATURE:1cxx_defaulted_functions
    Feature record: CXX_FEATURE:1cxx_defaulted_move_initializers
    Feature record: CXX_FEATURE:1cxx_delegating_constructors
    Feature record: CXX_FEATURE:1cxx_deleted_functions
    Feature record: CXX_FEATURE:1cxx_digit_separators
    Feature record: CXX_FEATURE:1cxx_enum_forward_declarations
    Feature record: CXX_FEATURE:1cxx_explicit_conversions
    Feature record: CXX_FEATURE:1cxx_extended_friend_declarations
    Feature record: CXX_FEATURE:1cxx_extern_templates
    Feature record: CXX_FEATURE:1cxx_final
    Feature record: CXX_FEATURE:1cxx_func_identifier
    Feature record: CXX_FEATURE:1cxx_generalized_initializers
    Feature record: CXX_FEATURE:1cxx_generic_lambdas
    Feature record: CXX_FEATURE:1cxx_inheriting_constructors
    Feature record: CXX_FEATURE:1cxx_inline_namespaces
    Feature record: CXX_FEATURE:1cxx_lambdas
    Feature record: CXX_FEATURE:1cxx_lambda_init_captures
    Feature record: CXX_FEATURE:1cxx_local_type_template_args
    Feature record: CXX_FEATURE:1cxx_long_long_type
    Feature record: CXX_FEATURE:1cxx_noexcept
    Feature record: CXX_FEATURE:1cxx_nonstatic_member_init
    Feature record: CXX_FEATURE:1cxx_nullptr
    Feature record: CXX_FEATURE:1cxx_override
    Feature record: CXX_FEATURE:1cxx_range_for
    Feature record: CXX_FEATURE:1cxx_raw_string_literals
    Feature record: CXX_FEATURE:1cxx_reference_qualified_functions
    Feature record: CXX_FEATURE:1cxx_relaxed_constexpr
    Feature record: CXX_FEATURE:1cxx_return_type_deduction
    Feature record: CXX_FEATURE:1cxx_right_angle_brackets
    Feature record: CXX_FEATURE:1cxx_rvalue_references
    Feature record: CXX_FEATURE:1cxx_sizeof_member
    Feature record: CXX_FEATURE:1cxx_static_assert
    Feature record: CXX_FEATURE:1cxx_strong_enums
    Feature record: CXX_FEATURE:1cxx_template_template_parameters
    Feature record: CXX_FEATURE:1cxx_thread_local
    Feature record: CXX_FEATURE:1cxx_trailing_return_types
    Feature record: CXX_FEATURE:1cxx_unicode_literals
    Feature record: CXX_FEATURE:1cxx_uniform_initialization
    Feature record: CXX_FEATURE:1cxx_unrestricted_unions
    Feature record: CXX_FEATURE:1cxx_user_literals
    Feature record: CXX_FEATURE:1cxx_variable_templates
    Feature record: CXX_FEATURE:1cxx_variadic_macros
    Feature record: CXX_FEATURE:1cxx_variadic_templates


Detecting CXX [-std=c++11] compiler features compiled with the following output:
Change Dir: /cefs/higgs/yudan/softwares/CEPCSW_Dev/CEPCSW/Reconstruction/PFA/Arbor/build/CMakeFiles/CMakeTmp

Run Build Command(s):/usr/bin/gmake cmTC_c08ae/fast 
/usr/bin/gmake -f CMakeFiles/cmTC_c08ae.dir/build.make CMakeFiles/cmTC_c08ae.dir/build
gmake[1]: 进入目录“/cefs/higgs/yudan/softwares/CEPCSW_Dev/CEPCSW/Reconstruction/PFA/Arbor/build/CMakeFiles/CMakeTmp”
Building CXX object CMakeFiles/cmTC_c08ae.dir/feature_tests.cxx.o
/cvmfs/sft.cern.ch/lcg/releases/gcc/8.3.0-cebb0/x86_64-slc6/bin/g++    -std=c++11 -o CMakeFiles/cmTC_c08ae.dir/feature_tests.cxx.o -c /cefs/higgs/yudan/softwares/CEPCSW_Dev/CEPCSW/Reconstruction/PFA/Arbor/build/CMakeFiles/feature_tests.cxx
Linking CXX executable cmTC_c08ae
/cvmfs/sft.cern.ch/lcg/releases/CMake/3.14.3-34449/x86_64-slc6-gcc8-opt/bin/cmake -E cmake_link_script CMakeFiles/cmTC_c08ae.dir/link.txt --verbose=1
/cvmfs/sft.cern.ch/lcg/releases/gcc/8.3.0-cebb0/x86_64-slc6/bin/g++       -rdynamic CMakeFiles/cmTC_c08ae.dir/feature_tests.cxx.o  -o cmTC_c08ae 
gmake[1]: 离开目录“/cefs/higgs/yudan/softwares/CEPCSW_Dev/CEPCSW/Reconstruction/PFA/Arbor/build/CMakeFiles/CMakeTmp”


    Feature record: CXX_FEATURE:0cxx_aggregate_default_initializers
    Feature record: CXX_FEATURE:1cxx_alias_templates
    Feature record: CXX_FEATURE:1cxx_alignas
    Feature record: CXX_FEATURE:1cxx_alignof
    Feature record: CXX_FEATURE:1cxx_attributes
    Feature record: CXX_FEATURE:0cxx_attribute_deprecated
    Feature record: CXX_FEATURE:1cxx_auto_type
    Feature record: CXX_FEATURE:0cxx_binary_literals
    Feature record: CXX_FEATURE:1cxx_constexpr
    Feature record: CXX_FEATURE:0cxx_contextual_conversions
    Feature record: CXX_FEATURE:1cxx_decltype
    Feature record: CXX_FEATURE:0cxx_decltype_auto
    Feature record: CXX_FEATURE:1cxx_decltype_incomplete_return_types
    Feature record: CXX_FEATURE:1cxx_default_function_template_args
    Feature record: CXX_FEATURE:1cxx_defaulted_functions
    Feature record: CXX_FEATURE:1cxx_defaulted_move_initializers
    Feature record: CXX_FEATURE:1cxx_delegating_constructors
    Feature record: CXX_FEATURE:1cxx_deleted_functions
    Feature record: CXX_FEATURE:0cxx_digit_separators
    Feature record: CXX_FEATURE:1cxx_enum_forward_declarations
    Feature record: CXX_FEATURE:1cxx_explicit_conversions
    Feature record: CXX_FEATURE:1cxx_extended_friend_declarations
    Feature record: CXX_FEATURE:1cxx_extern_templates
    Feature record: CXX_FEATURE:1cxx_final
    Feature record: CXX_FEATURE:1cxx_func_identifier
    Feature record: CXX_FEATURE:1cxx_generalized_initializers
    Feature record: CXX_FEATURE:0cxx_generic_lambdas
    Feature record: CXX_FEATURE:1cxx_inheriting_constructors
    Feature record: CXX_FEATURE:1cxx_inline_namespaces
    Feature record: CXX_FEATURE:1cxx_lambdas
    Feature record: CXX_FEATURE:0cxx_lambda_init_captures
    Feature record: CXX_FEATURE:1cxx_local_type_template_args
    Feature record: CXX_FEATURE:1cxx_long_long_type
    Feature record: CXX_FEATURE:1cxx_noexcept
    Feature record: CXX_FEATURE:1cxx_nonstatic_member_init
    Feature record: CXX_FEATURE:1cxx_nullptr
    Feature record: CXX_FEATURE:1cxx_override
    Feature record: CXX_FEATURE:1cxx_range_for
    Feature record: CXX_FEATURE:1cxx_raw_string_literals
    Feature record: CXX_FEATURE:1cxx_reference_qualified_functions
    Feature record: CXX_FEATURE:0cxx_relaxed_constexpr
    Feature record: CXX_FEATURE:0cxx_return_type_deduction
    Feature record: CXX_FEATURE:1cxx_right_angle_brackets
    Feature record: CXX_FEATURE:1cxx_rvalue_references
    Feature record: CXX_FEATURE:1cxx_sizeof_member
    Feature record: CXX_FEATURE:1cxx_static_assert
    Feature record: CXX_FEATURE:1cxx_strong_enums
    Feature record: CXX_FEATURE:1cxx_template_template_parameters
    Feature record: CXX_FEATURE:1cxx_thread_local
    Feature record: CXX_FEATURE:1cxx_trailing_return_types
    Feature record: CXX_FEATURE:1cxx_unicode_literals
    Feature record: CXX_FEATURE:1cxx_uniform_initialization
    Feature record: CXX_FEATURE:1cxx_unrestricted_unions
    Feature record: CXX_FEATURE:1cxx_user_literals
    Feature record: CXX_FEATURE:0cxx_variable_templates
    Feature record: CXX_FEATURE:1cxx_variadic_macros
    Feature record: CXX_FEATURE:1cxx_variadic_templates


Detecting CXX [-std=c++98] compiler features compiled with the following output:
Change Dir: /cefs/higgs/yudan/softwares/CEPCSW_Dev/CEPCSW/Reconstruction/PFA/Arbor/build/CMakeFiles/CMakeTmp

Run Build Command(s):/usr/bin/gmake cmTC_7dd09/fast 
/usr/bin/gmake -f CMakeFiles/cmTC_7dd09.dir/build.make CMakeFiles/cmTC_7dd09.dir/build
gmake[1]: 进入目录“/cefs/higgs/yudan/softwares/CEPCSW_Dev/CEPCSW/Reconstruction/PFA/Arbor/build/CMakeFiles/CMakeTmp”
Building CXX object CMakeFiles/cmTC_7dd09.dir/feature_tests.cxx.o
/cvmfs/sft.cern.ch/lcg/releases/gcc/8.3.0-cebb0/x86_64-slc6/bin/g++    -std=c++98 -o CMakeFiles/cmTC_7dd09.dir/feature_tests.cxx.o -c /cefs/higgs/yudan/softwares/CEPCSW_Dev/CEPCSW/Reconstruction/PFA/Arbor/build/CMakeFiles/feature_tests.cxx
Linking CXX executable cmTC_7dd09
/cvmfs/sft.cern.ch/lcg/releases/CMake/3.14.3-34449/x86_64-slc6-gcc8-opt/bin/cmake -E cmake_link_script CMakeFiles/cmTC_7dd09.dir/link.txt --verbose=1
/cvmfs/sft.cern.ch/lcg/releases/gcc/8.3.0-cebb0/x86_64-slc6/bin/g++       -rdynamic CMakeFiles/cmTC_7dd09.dir/feature_tests.cxx.o  -o cmTC_7dd09 
gmake[1]: 离开目录“/cefs/higgs/yudan/softwares/CEPCSW_Dev/CEPCSW/Reconstruction/PFA/Arbor/build/CMakeFiles/CMakeTmp”


    Feature record: CXX_FEATURE:0cxx_aggregate_default_initializers
    Feature record: CXX_FEATURE:0cxx_alias_templates
    Feature record: CXX_FEATURE:0cxx_alignas
    Feature record: CXX_FEATURE:0cxx_alignof
    Feature record: CXX_FEATURE:0cxx_attributes
    Feature record: CXX_FEATURE:0cxx_attribute_deprecated
    Feature record: CXX_FEATURE:0cxx_auto_type
    Feature record: CXX_FEATURE:0cxx_binary_literals
    Feature record: CXX_FEATURE:0cxx_constexpr
    Feature record: CXX_FEATURE:0cxx_contextual_conversions
    Feature record: CXX_FEATURE:0cxx_decltype
    Feature record: CXX_FEATURE:0cxx_decltype_auto
    Feature record: CXX_FEATURE:0cxx_decltype_incomplete_return_types
    Feature record: CXX_FEATURE:0cxx_default_function_template_args
    Feature record: CXX_FEATURE:0cxx_defaulted_functions
    Feature record: CXX_FEATURE:0cxx_defaulted_move_initializers
    Feature record: CXX_FEATURE:0cxx_delegating_constructors
    Feature record: CXX_FEATURE:0cxx_deleted_functions
    Feature record: CXX_FEATURE:0cxx_digit_separators
    Feature record: CXX_FEATURE:0cxx_enum_forward_declarations
    Feature record: CXX_FEATURE:0cxx_explicit_conversions
    Feature record: CXX_FEATURE:0cxx_extended_friend_declarations
    Feature record: CXX_FEATURE:0cxx_extern_templates
    Feature record: CXX_FEATURE:0cxx_final
    Feature record: CXX_FEATURE:0cxx_func_identifier
    Feature record: CXX_FEATURE:0cxx_generalized_initializers
    Feature record: CXX_FEATURE:0cxx_generic_lambdas
    Feature record: CXX_FEATURE:0cxx_inheriting_constructors
    Feature record: CXX_FEATURE:0cxx_inline_namespaces
    Feature record: CXX_FEATURE:0cxx_lambdas
    Feature record: CXX_FEATURE:0cxx_lambda_init_captures
    Feature record: CXX_FEATURE:0cxx_local_type_template_args
    Feature record: CXX_FEATURE:0cxx_long_long_type
    Feature record: CXX_FEATURE:0cxx_noexcept
    Feature record: CXX_FEATURE:0cxx_nonstatic_member_init
    Feature record: CXX_FEATURE:0cxx_nullptr
    Feature record: CXX_FEATURE:0cxx_override
    Feature record: CXX_FEATURE:0cxx_range_for
    Feature record: CXX_FEATURE:0cxx_raw_string_literals
    Feature record: CXX_FEATURE:0cxx_reference_qualified_functions
    Feature record: CXX_FEATURE:0cxx_relaxed_constexpr
    Feature record: CXX_FEATURE:0cxx_return_type_deduction
    Feature record: CXX_FEATURE:0cxx_right_angle_brackets
    Feature record: CXX_FEATURE:0cxx_rvalue_references
    Feature record: CXX_FEATURE:0cxx_sizeof_member
    Feature record: CXX_FEATURE:0cxx_static_assert
    Feature record: CXX_FEATURE:0cxx_strong_enums
    Feature record: CXX_FEATURE:1cxx_template_template_parameters
    Feature record: CXX_FEATURE:0cxx_thread_local
    Feature record: CXX_FEATURE:0cxx_trailing_return_types
    Feature record: CXX_FEATURE:0cxx_unicode_literals
    Feature record: CXX_FEATURE:0cxx_uniform_initialization
    Feature record: CXX_FEATURE:0cxx_unrestricted_unions
    Feature record: CXX_FEATURE:0cxx_user_literals
    Feature record: CXX_FEATURE:0cxx_variable_templates
    Feature record: CXX_FEATURE:0cxx_variadic_macros
    Feature record: CXX_FEATURE:0cxx_variadic_templates
